[710301]: 8ms SPX_DBG_TRACE_VERBOSE:  resource_manager.cpp:133 Created 'CSpxThreadService' as '303073113'
[710301]: 9ms SPX_DBG_TRACE_VERBOSE:  resource_manager.cpp:133 Created 'CSpxThreadService' as '303073113'
[710301]: 9ms SPX_DBG_TRACE_VERBOSE:  usp_tts_engine_adapter.cpp:62 CSpxUspTtsEngineAdapter::CSpxUspTtsEngineAdapter
[710301]: 9ms SPX_DBG_TRACE_VERBOSE:  resource_manager.cpp:133 Created 'CSpxUspTtsEngineAdapter' as '919101823'
[710301]: 9ms SPX_DBG_TRACE_VERBOSE:  resource_manager.cpp:133 Created 'CSpxWavFileWriter' as '558221231'
[710301]: 10ms SPX_DBG_TRACE_VERBOSE:  null_audio_output.h:93 CSpxNullAudioOutput::SetFormat is called with format 0x0000014FF25A5140
[710301]: 10ms SPX_DBG_TRACE_VERBOSE:  cloud_tts_engine_adapter.cpp:134 CSpxCloudTtsEngineAdapter::SetOutput
[710301]: 10ms SPX_TRACE_INFO:  cloud_tts_engine_adapter.cpp:212 CSpxCloudTtsEngineAdapter::SetOutput: request format [riff-16khz-16bit-mono-pcm] has header, using raw format instead for streaming.
[710301]: 10ms SPX_DBG_TRACE_VERBOSE:  handle_table.h:111 CSpxHandleTable::TrackHandle p=0x0000014FF29A0038
[710301]: 10ms SPX_DBG_TRACE_VERBOSE:  handle_table.h:121 CSpxHandleTable::TrackHandle class=ISpxSynthesizer, h=0x0000014FF29A0038, p=0x0000014FF29A0038, tot=1
[710301]: 10ms SPX_DBG_TRACE_SCOPE_EXIT:  speechapi_c_factory.cpp:548 synthesizer_create_speech_synthesizer_from_config
[710301]: 10ms SPX_DBG_TRACE_VERBOSE:  handle_table.h:111 CSpxHandleTable::TrackHandle p=0x0000014FF29A0468
[710301]: 10ms SPX_DBG_TRACE_VERBOSE:  handle_table.h:121 CSpxHandleTable::TrackHandle class=ISpxNamedProperties, h=0x0000014FF29A0468, p=0x0000014FF29A0468, tot=3
[819364]: 13ms SPX_DBG_TRACE_VERBOSE:  resource_manager.cpp:133 Created 'CSpxAudioDataStream' as '418301898'
[819364]: 13ms SPX_DBG_TRACE_VERBOSE:  null_audio_output.h:93 CSpxNullAudioOutput::SetFormat is called with format 0x0000014FF25A5140
[819364]: 13ms SPX_DBG_TRACE_FUNCTION:  synthesis_result.cpp:25 CSpxSynthesisResult::CSpxSynthesisResult
[819364]: 13ms SPX_DBG_TRACE_VERBOSE:  resource_manager.cpp:133 Created 'CSpxSynthesisResult' as '3874248'
[819364]: 13ms SPX_TRACE_INFO:  thread_service.cpp:96 Started thread User with ID [579553ll]
[819364]: 13ms SPX_TRACE_VERBOSE:  synthesizer.cpp:217 CSpxSynthesizer::ExecuteSynthesis: synthesis started, request id: df496b152d1d43bda9dc63ee93882dda; text: Channel
[819364]: 13ms SPX_DBG_TRACE_VERBOSE:  synthesizer_timeout_management.cpp:32 SynthesisTimeoutManagement::SetTimeoutValues: RTF set to 2.00; frame timeout interval set to 3000 ms.
[819364]: 13ms SPX_DBG_TRACE_FUNCTION:  synthesis_request.cpp:27 CSpxSynthesisRequest::CSpxSynthesisRequest
[819364]: 13ms SPX_DBG_TRACE_VERBOSE:  resource_manager.cpp:133 Created 'CSpxSynthesisRequest' as '211460561'
[819364]: 14ms SPX_DBG_TRACE_FUNCTION:  synthesis_request.cpp:37 CSpxSynthesisRequest::Init
[819364]: 14ms SPX_DBG_TRACE_VERBOSE:  usp_tts_engine_adapter.cpp:102 CSpxUspTtsEngineAdapter::Speak
[819364]: 14ms SPX_DBG_TRACE_VERBOSE:  usp_tts_engine_adapter.cpp:120 CSpxUspTtsEngineAdapter::Speak: start to send synthesis request, request id : df496b152d1d43bda9dc63ee93882dda, try: 0
[579553]: 14ms SPX_DBG_TRACE_SCOPE_ENTER:  synthesizer.cpp:1194 DispatchEvent task started...
[819364]: 14ms SPX_DBG_TRACE_FUNCTION:  synthesis_request.cpp:94 CSpxSynthesisRequest::GetInputContent
[579553]: 14ms SPX_DBG_TRACE_VERBOSE:  synthesizer.cpp:569 [0000014FF29A0000]CSpxSynthesizer::CSpxSynthesizer::FireResultEvent
[819364]: 14ms SPX_DBG_TRACE_VERBOSE:  named_properties.h:479 ISpxNamedProperties::GetStringValue: this=0x0000014FF29A0468; name='SPEECH-SynthVoice'; value='en-US-ChristopherNeural'
[579553]: 14ms SPX_DBG_TRACE_VERBOSE:  resource_manager.cpp:133 Created 'CSpxSynthesisEventArgs' as '657912386'
[819364]: 14ms SPX_DBG_TRACE_FUNCTION:  synthesis_result.cpp:25 CSpxSynthesisResult::CSpxSynthesisResult
[579553]: 14ms SPX_DBG_TRACE_VERBOSE:  handle_table.h:111 CSpxHandleTable::TrackHandle p=0x0000014FF249DAD0
[819364]: 14ms SPX_DBG_TRACE_VERBOSE:  resource_manager.cpp:133 Created 'CSpxSynthesisResult' as '3874248'
[819364]: 14ms SPX_DBG_TRACE_VERBOSE:  usp_tts_engine_adapter.cpp:223 SSML sent to TTS cognitive service: <speak version='1.0' xmlns='http://www.w3.org/2001/10/synthesis' xmlns:mstts='http://www.w3.org/2001/mstts' xmlns:emo='http://www.w3.org/2009/10/emotionml' xml:lang='en-US'><voice name='en-US-ChristopherNeural'>Channel</voice></speak>
[579553]: 14ms SPX_DBG_TRACE_VERBOSE:  handle_table.h:121 CSpxHandleTable::TrackHandle class=ISpxSynthesisEventArgs, h=0x0000014FF249DAD0, p=0x0000014FF249DAD0, tot=1
[819364]: 14ms SPX_DBG_TRACE_VERBOSE:  usp_tts_engine_adapter.cpp:602 CSpxUspTtsEngineAdapter::UspInitialize: this=0x0000014FF29A0A00
[819364]: 14ms SPX_DBG_TRACE_VERBOSE:  named_properties.h:479 ISpxNamedProperties::GetStringValue: this=0x0000014FF29A0468; name='SPEECH-SubscriptionKey'; value='******************************04'
[819364]: 14ms SPX_DBG_TRACE_VERBOSE:  named_properties.h:479 ISpxNamedProperties::GetStringValue: this=0x0000014FF29A0A68; name='AZAC-SDK-PROGRAMMING-LANGUAGE'; value='C#'
[819364]: 14ms SPX_DBG_TRACE_VERBOSE:  named_properties.h:479 ISpxNamedProperties::GetStringValue: this=0x0000014FF29A0A68; name='SPEECH-UserDefinedQueryParameters'; value='traffictype=spx'
[819364]: 14ms SPX_DBG_TRACE_VERBOSE:  named_properties.h:479 ISpxPropertyBagImpl::SetStringValue: this=0x0000014FF29A0A68; name='HttpHeader#User-agent'; value='spx SpeechSDK-C#/1.40.0 Windows Client 8'
[819364]: 14ms SPX_DBG_TRACE_VERBOSE:  named_properties.h:479 ISpxNamedProperties::FindPrefix: this=0x0000014FF29A0A68; name='User-agent'; value='spx SpeechSDK-C#/1.40.0 Windows Client 8'
[819364]: 14ms SPX_DBG_TRACE_VERBOSE:  resource_manager.cpp:133 Created 'CSpxUspCallbackWrapper' as '710381509'
[819364]: 14ms SPX_DBG_TRACE_VERBOSE:  named_properties.h:479 ISpxNamedProperties::GetStringValue: this=0x0000014FF29A0468; name='SPEECH-Region'; value='westeurope'
[819364]: 14ms SPX_DBG_TRACE_VERBOSE:  named_properties.h:479 ISpxNamedProperties::GetStringValue: this=0x0000014FF29A0468; name='SPEECH-ProxyHostBypass'; value=''
[819364]: 14ms SPX_DBG_TRACE_VERBOSE:  resource_manager.cpp:133 Created 'CSpxUspConnection' as '792041254'
[819364]: 14ms SPX_TRACE_INFO:  usp_connection.cpp:485 Microsoft::CognitiveServices::Speech::USP::CSpxUspConnection::Connect: entering...
[819364]: 14ms SPX_TRACE_INFO:  usp_connection.cpp:502 Adding subscription key headers
[819364]: 14ms SPX_TRACE_INFO:  usp_connection.cpp:537 Set a user defined HTTP header 'User-agent':'spx SpeechSDK-C#/1.40.0 Windows Client 8'
[819364]: 14ms SPX_TRACE_INFO:  usp_connection.cpp:543 Set an underlying io option 'tcp_nodelay'
[819364]: 14ms SPX_TRACE_INFO:  usp_connection.cpp:552 connectionUrl=wss://westeurope.tts.speech.microsoft.com/cognitiveservices/websocket/v1
[819364]: 14ms SPX_DBG_TRACE_VERBOSE:  resource_manager.cpp:133 Created 'CSpxTelemetry' as '151041793'
[819364]: 14ms SPX_DBG_TRACE_SCOPE_ENTER:  web_socket.cpp:216 CSpxWebSocket::CSpxWebSocket
[819364]: 14ms SPX_DBG_TRACE_SCOPE_EXIT:  web_socket.cpp:216 CSpxWebSocket::CSpxWebSocket
[819364]: 14ms SPX_DBG_TRACE_VERBOSE:  resource_manager.cpp:133 Created 'CSpxWebSocket' as '482598724'
[819364]: 14ms SPX_TRACE_SCOPE_ENTER:  uws_web_socket.cpp:31 WebSocketAdapter::UwsWebSocket::UwsWebSocket
[819364]: 14ms SPX_TRACE_SCOPE_EXIT:  uws_web_socket.cpp:31 WebSocketAdapter::UwsWebSocket::UwsWebSocket
[819364]: 14ms SPX_TRACE_SCOPE_ENTER:  uws_web_socket.cpp:43 WebSocketAdapter::UwsWebSocket::Initialize
[819364]: 14ms SPX_TRACE_SCOPE_EXIT:  uws_web_socket.cpp:43 WebSocketAdapter::UwsWebSocket::Initialize
[819364]: 14ms SPX_TRACE_SCOPE_ENTER:  uws_web_socket.cpp:221 WebSocketAdapter::UwsWebSocket::SetRequestHeader
[819364]: 14ms SPX_TRACE_SCOPE_EXIT:  uws_web_socket.cpp:221 WebSocketAdapter::UwsWebSocket::SetRequestHeader
[819364]: 14ms SPX_TRACE_SCOPE_ENTER:  uws_web_socket.cpp:221 WebSocketAdapter::UwsWebSocket::SetRequestHeader
[819364]: 14ms SPX_TRACE_SCOPE_EXIT:  uws_web_socket.cpp:221 WebSocketAdapter::UwsWebSocket::SetRequestHeader
[819364]: 14ms SPX_TRACE_SCOPE_ENTER:  uws_web_socket.cpp:221 WebSocketAdapter::UwsWebSocket::SetRequestHeader
[579553]: 14ms SPX_DBG_TRACE_VERBOSE:  handle_table.h:111 CSpxHandleTable::TrackHandle p=0x0000014FF250ED50
[819364]: 14ms SPX_TRACE_SCOPE_EXIT:  uws_web_socket.cpp:221 WebSocketAdapter::UwsWebSocket::SetRequestHeader
[579553]: 14ms SPX_DBG_TRACE_VERBOSE:  handle_table.h:121 CSpxHandleTable::TrackHandle class=ISpxSynthesisResult, h=0x0000014FF250ED50, p=0x0000014FF250ED50, tot=1
[819364]: 14ms SPX_TRACE_INFO:  thread_service.cpp:96 Started thread Background with ID [991569ll]
[819364]: 14ms SPX_DBG_TRACE_VERBOSE:  named_properties.h:479 ISpxPropertyBagImpl::SetStringValue: this=0x0000014FF29A0468; name='SPEECH-ConnectionUrl'; value='wss://westeurope.tts.speech.microsoft.com/cognitiveservices/websocket/v1'
[819364]: 14ms SPX_DBG_TRACE_VERBOSE:  usp_tts_engine_adapter.cpp:425 speech.config {"context":{"system":{"version":"1.40.0","name":"SpeechSDK","build":"Windows-x64"},"os":{"platform":"Windows","name":"Client","version":"8"}}}
[991569]: 14ms SPX_TRACE_INFO:  web_socket.cpp:800 CSpxWebSocket::DoWork: open transport.
[819364]: 14ms SPX_DBG_TRACE_VERBOSE:  usp_tts_engine_adapter.cpp:542 speech.config='{"context":{"system":{"version":"1.40.0","name":"SpeechSDK","build":"Windows-x64"},"os":{"platform":"Windows","name":"Client","version":"8"}}}'
[991569]: 14ms SPX_TRACE_INFO:  web_socket.cpp:479 Start to open websocket. WebSocket: 0xf29d9be0, wsio handle: 0xf249c100
[991569]: 14ms SPX_TRACE_SCOPE_ENTER:  uws_web_socket.cpp:149 WebSocketAdapter::UwsWebSocket::Open
[819364]: 14ms SPX_DBG_TRACE_VERBOSE:  usp_tts_engine_adapter.cpp:542 synthesis.context='{"synthesis":{"audio":{"outputFormat":"raw-16khz-16bit-mono-pcm","metadataOptions":{"visemeEnabled":false,"bookmarkEnabled":false,"wordBoundaryEnabled":false,"punctuationBoundaryEnabled":false,"sentenceBoundaryEnabled":false,"sessionEndEnabled":true}},"language":{"autoDetection":false}}}'
[819364]: 14ms SPX_DBG_TRACE_FUNCTION:  synthesis_request.cpp:94 CSpxSynthesisRequest::GetInputContent
[819364]: 14ms SPX_DBG_TRACE_VERBOSE:  usp_tts_engine_adapter.cpp:507 ssml <speak version='1.0' xmlns='http://www.w3.org/2001/10/synthesis' xmlns:mstts='http://www.w3.org/2001/mstts' xmlns:emo='http://www.w3.org/2009/10/emotionml' xml:lang='en-US'><voice name='en-US-ChristopherNeural'>Channel</voice></speak>
[819364]: 14ms SPX_DBG_TRACE_VERBOSE:  usp_tts_engine_adapter.cpp:542 ssml='<speak version='1.0' xmlns='http://www.w3.org/2001/10/synthesis' xmlns:mstts='http://www.w3.org/2001/mstts' xmlns:emo='http://www.w3.org/2009/10/emotionml' xml:lang='en-US'><voice name='en-US-ChristopherNeural'>Channel</voice></speak>'
[579553]: 15ms SPX_DBG_TRACE_VERBOSE:  handle_table.h:111 CSpxHandleTable::TrackHandle p=0x0000014FF250ED70
[579553]: 15ms SPX_DBG_TRACE_VERBOSE:  handle_table.h:121 CSpxHandleTable::TrackHandle class=ISpxNamedProperties, h=0x0000014FF250ED70, p=0x0000014FF250ED70, tot=4
[579553]: 16ms SPX_TRACE_VERBOSE interop_factory.cs:84 Dispose(True) called for 14ff249dad0
[579553]: 17ms SPX_DBG_TRACE_VERBOSE:  handle_table.h:180 CSpxHandleTable::StopTracking(h) h=0x0000014FF249DAD0
[579553]: 17ms SPX_DBG_TRACE_VERBOSE:  handle_table.h:195 CSpxHandleTable::StopTracking(h) class=ISpxSynthesisEventArgs, h=0x0000014FF249DAD0, p=0x0000014FF249DAD0, tot=0
[579553]: 17ms SPX_TRACE_VERBOSE interop_factory.cs:84 Dispose(True) called for 14ff250ed70
[579553]: 17ms SPX_DBG_TRACE_VERBOSE:  handle_table.h:180 CSpxHandleTable::StopTracking(h) h=0x0000014FF250ED70
[579553]: 17ms SPX_DBG_TRACE_VERBOSE:  handle_table.h:195 CSpxHandleTable::StopTracking(h) class=ISpxNamedProperties, h=0x0000014FF250ED70, p=0x0000014FF250ED70, tot=3
[579553]: 17ms SPX_TRACE_VERBOSE interop_factory.cs:84 Dispose(True) called for 14ff250ed50
[579553]: 17ms SPX_DBG_TRACE_VERBOSE:  handle_table.h:180 CSpxHandleTable::StopTracking(h) h=0x0000014FF250ED50
[579553]: 17ms SPX_DBG_TRACE_VERBOSE:  handle_table.h:195 CSpxHandleTable::StopTracking(h) class=ISpxSynthesisResult, h=0x0000014FF250ED50, p=0x0000014FF250ED50, tot=0
[579553]: 17ms SPX_DBG_TRACE_SCOPE_EXIT:  synthesizer.cpp:1194 DispatchEvent task complete!
[991569]: 163ms SPX_TRACE_SCOPE_EXIT:  uws_web_socket.cpp:149 WebSocketAdapter::UwsWebSocket::Open
[991569]: 163ms SPX_TRACE_INFO:  usp_connection.cpp:787 Create requestId  for messageType 0
[991569]: 316ms SPX_TRACE_SCOPE_ENTER:  uws_web_socket.cpp:247 WebSocketAdapter::UwsWebSocket::OnWebSocketOpened
[991569]: 316ms SPX_TRACE_INFO:  web_socket.cpp:880 Opening websocket completed. TransportRequest: 0xf29d9be0, wsio handle: 0xf249c100, time: 2024-08-27T17:52:33.5294103Z
[991569]: 316ms SPX_TRACE_SCOPE_ENTER:  uws_web_socket.cpp:215 WebSocketAdapter::UwsWebSocket::SetOption
[991569]: 316ms SPX_TRACE_SCOPE_EXIT:  uws_web_socket.cpp:215 WebSocketAdapter::UwsWebSocket::SetOption
[991569]: 316ms SPX_TRACE_INFO:  usp_connection.cpp:902 TS:303, OnConnected: connection:0xce596ce0
[991569]: 316ms SPX_TRACE_SCOPE_EXIT:  uws_web_socket.cpp:247 WebSocketAdapter::UwsWebSocket::OnWebSocketOpened
[991569]: 316ms SPX_TRACE_VERBOSE:  web_socket.cpp:540 [0x0000014FF29D9BE0] Web socket sending message. Time: 2024-08-27T17:52:33.5295211Z, TimeInQueue: 152ms, IsBinary: 0, Path: speech.config, Size:204 B
[579553]: 316ms SPX_DBG_TRACE_SCOPE_ENTER:  synthesizer.cpp:1194 DispatchEvent task started...
[579553]: 316ms SPX_DBG_TRACE_SCOPE_ENTER:  synthesizer.cpp:658 CSpxSynthesizer::FireConnectionChanged
[579553]: 316ms SPX_DBG_TRACE_VERBOSE:  synthesizer.cpp:659 CSpxSynthesizer::FireConnectionChanged: Connected
[991569]: 316ms SPX_TRACE_VERBOSE:  web_socket.cpp:649 [0x0000014FF29D9BE0] Web socket send message completed. Result: 0, SendTime: 0ms, IsBinary: 0, Path: speech.config, Size:204 B
[579553]: 316ms SPX_DBG_TRACE_VERBOSE:  resource_manager.cpp:133 Created 'CSpxConnectionEventArgs' as '189265475'
[991569]: 316ms SPX_TRACE_VERBOSE:  web_socket.cpp:540 [0x0000014FF29D9BE0] Web socket sending message. Time: 2024-08-27T17:52:33.5296250Z, TimeInQueue: 152ms, IsBinary: 0, Path: synthesis.context, Size:400 B
[579553]: 316ms SPX_DBG_TRACE_SCOPE_EXIT:  synthesizer.cpp:658 CSpxSynthesizer::FireConnectionChanged
[579553]: 316ms SPX_DBG_TRACE_SCOPE_EXIT:  synthesizer.cpp:1194 DispatchEvent task complete!
[991569]: 316ms SPX_TRACE_VERBOSE:  web_socket.cpp:649 [0x0000014FF29D9BE0] Web socket send message completed. Result: 0, SendTime: 0ms, IsBinary: 0, Path: synthesis.context, Size:400 B
[991569]: 316ms SPX_TRACE_VERBOSE:  web_socket.cpp:540 [0x0000014FF29D9BE0] Web socket sending message. Time: 2024-08-27T17:52:33.5297089Z, TimeInQueue: 153ms, IsBinary: 0, Path: ssml, Size:368 B
[991569]: 316ms SPX_TRACE_VERBOSE:  web_socket.cpp:649 [0x0000014FF29D9BE0] Web socket send message completed. Result: 0, SendTime: 0ms, IsBinary: 0, Path: ssml, Size:368 B
[991569]: 363ms SPX_TRACE_VERBOSE:  usp_web_socket.cpp:209 USP message received. IsBinary=0, Path=turn.start, Size=186 B, Time=2024-08-27T17:52:33.5764656Z
[991569]: 363ms SPX_TRACE_INFO:  usp_connection.cpp:993 Service originated request received with requestId: df496b152d1d43bda9dc63ee93882dda
[991569]: 363ms SPX_TRACE_INFO:  usp_connection.cpp:1008 Response Message: content type: application/json; charset=utf-8.
[991569]: 363ms SPX_TRACE_INFO:  usp_connection.cpp:1028 TS:350 Response Message: path: turn.start, size: 75.
[991569]: 379ms SPX_TRACE_VERBOSE:  usp_web_socket.cpp:209 USP message received. IsBinary=0, Path=response, Size=242 B, Time=2024-08-27T17:52:33.5919940Z
[991569]: 379ms SPX_TRACE_INFO:  usp_connection.cpp:1008 Response Message: content type: application/json; charset=utf-8.
[991569]: 379ms SPX_TRACE_INFO:  usp_connection.cpp:1028 TS:365 Response Message: path: response, size: 133.
[991569]: 504ms SPX_TRACE_VERBOSE:  usp_web_socket.cpp:209 USP message received. IsBinary=0, Path=audio.metadata, Size=229 B, Time=2024-08-27T17:52:33.7169752Z
[991569]: 504ms SPX_TRACE_INFO:  usp_connection.cpp:1008 Response Message: content type: application/json; charset=utf-8.
[991569]: 504ms SPX_TRACE_INFO:  usp_connection.cpp:1028 TS:490 Response Message: path: audio.metadata, size: 114.
[991569]: 504ms SPX_TRACE_VERBOSE:  usp_tts_engine_adapter.cpp:1011 Session end received, audio duration 14875000 ticks
[991569]: 535ms SPX_TRACE_VERBOSE:  usp_web_socket.cpp:209 USP message received. IsBinary=1, Path=audio, Size=23569 B, Time=2024-08-27T17:52:33.7482980Z
[991569]: 535ms SPX_TRACE_INFO:  usp_connection.cpp:1008 Response Message: content type: audio/basic.
[991569]: 535ms SPX_TRACE_INFO:  usp_connection.cpp:1028 TS:522 Response Message: path: audio, size: 23438.
[991569]: 535ms SPX_DBG_TRACE_VERBOSE:  resource_manager.cpp:133 Created 'CSpxPullAudioOutputStream' as '853898539'
[991569]: 535ms SPX_DBG_TRACE_FUNCTION:  synthesis_result.cpp:25 CSpxSynthesisResult::CSpxSynthesisResult
[991569]: 535ms SPX_DBG_TRACE_VERBOSE:  resource_manager.cpp:133 Created 'CSpxSynthesisResult' as '3874248'
[991569]: 535ms SPX_DBG_TRACE_VERBOSE:  named_properties.h:479 ISpxPropertyBagImpl::SetStringValue: this=0x0000014FF2495EE8; name='RESULT-SynthesisBackend'; value='online (websocket)'
[991569]: 535ms SPX_DBG_TRACE_VERBOSE:  pull_audio_output_stream.cpp:26 CSpxPullAudioOutputStream::Write buffer 0000014FF2A0A277 size=23438
[579553]: 535ms SPX_DBG_TRACE_SCOPE_ENTER:  synthesizer.cpp:1194 DispatchEvent task started...
[991569]: 535ms SPX_DBG_TRACE_VERBOSE:  audio_data_stream.cpp:151 CSpxAudioDataStream::CSpxAudioDataStream::Write buffer 0000014FF2A0A277 size=23438
[579553]: 535ms SPX_DBG_TRACE_VERBOSE:  synthesizer.cpp:569 [0000014FF29A0000]CSpxSynthesizer::CSpxSynthesizer::FireResultEvent
[579553]: 535ms SPX_DBG_TRACE_VERBOSE:  resource_manager.cpp:133 Created 'CSpxSynthesisEventArgs' as '657912386'
[579553]: 535ms SPX_DBG_TRACE_VERBOSE:  handle_table.h:111 CSpxHandleTable::TrackHandle p=0x0000014FF07D3890
[579553]: 535ms SPX_DBG_TRACE_VERBOSE:  handle_table.h:121 CSpxHandleTable::TrackHandle class=ISpxSynthesisEventArgs, h=0x0000014FF07D3890, p=0x0000014FF07D3890, tot=1
[991569]: 535ms SPX_DBG_TRACE_VERBOSE:  pull_audio_output_stream.cpp:89 CSpxPullAudioOutputStream::AvailableSize: current available size: 23438
[579553]: 535ms SPX_DBG_TRACE_VERBOSE:  handle_table.h:111 CSpxHandleTable::TrackHandle p=0x0000014FF250F1A0
[579553]: 535ms SPX_DBG_TRACE_VERBOSE:  handle_table.h:121 CSpxHandleTable::TrackHandle class=ISpxSynthesisResult, h=0x0000014FF250F1A0, p=0x0000014FF250F1A0, tot=1
[579553]: 536ms SPX_DBG_TRACE_VERBOSE:  handle_table.h:111 CSpxHandleTable::TrackHandle p=0x0000014FF250F1C0
[579553]: 536ms SPX_DBG_TRACE_VERBOSE:  handle_table.h:121 CSpxHandleTable::TrackHandle class=ISpxNamedProperties, h=0x0000014FF250F1C0, p=0x0000014FF250F1C0, tot=4
[579553]: 536ms SPX_TRACE_VERBOSE interop_factory.cs:84 Dispose(True) called for 14ff07d3890
[579553]: 536ms SPX_DBG_TRACE_VERBOSE:  handle_table.h:180 CSpxHandleTable::StopTracking(h) h=0x0000014FF07D3890
[579553]: 536ms SPX_DBG_TRACE_VERBOSE:  handle_table.h:195 CSpxHandleTable::StopTracking(h) class=ISpxSynthesisEventArgs, h=0x0000014FF07D3890, p=0x0000014FF07D3890, tot=0
[579553]: 536ms SPX_TRACE_VERBOSE interop_factory.cs:84 Dispose(True) called for 14ff250f1c0
[579553]: 536ms SPX_DBG_TRACE_VERBOSE:  handle_table.h:180 CSpxHandleTable::StopTracking(h) h=0x0000014FF250F1C0
[579553]: 536ms SPX_DBG_TRACE_VERBOSE:  handle_table.h:195 CSpxHandleTable::StopTracking(h) class=ISpxNamedProperties, h=0x0000014FF250F1C0, p=0x0000014FF250F1C0, tot=3
[579553]: 536ms SPX_TRACE_VERBOSE interop_factory.cs:84 Dispose(True) called for 14ff250f1a0
[579553]: 536ms SPX_DBG_TRACE_VERBOSE:  handle_table.h:180 CSpxHandleTable::StopTracking(h) h=0x0000014FF250F1A0
[579553]: 536ms SPX_DBG_TRACE_VERBOSE:  handle_table.h:195 CSpxHandleTable::StopTracking(h) class=ISpxSynthesisResult, h=0x0000014FF250F1A0, p=0x0000014FF250F1A0, tot=0
[579553]: 536ms SPX_DBG_TRACE_SCOPE_EXIT:  synthesizer.cpp:1194 DispatchEvent task complete!
[579553]: 536ms SPX_DBG_TRACE_FUNCTION:  synthesis_result.cpp:30 CSpxSynthesisResult::~CSpxSynthesisResult
[991569]: 566ms SPX_TRACE_VERBOSE:  usp_web_socket.cpp:209 USP message received. IsBinary=1, Path=audio, Size=24293 B, Time=2024-08-27T17:52:33.7792484Z
[991569]: 566ms SPX_TRACE_INFO:  usp_connection.cpp:1008 Response Message: content type: audio/basic.
[991569]: 566ms SPX_TRACE_INFO:  usp_connection.cpp:1028 TS:553 Response Message: path: audio, size: 24162.
[991569]: 566ms SPX_DBG_TRACE_FUNCTION:  synthesis_result.cpp:25 CSpxSynthesisResult::CSpxSynthesisResult
[991569]: 566ms SPX_DBG_TRACE_VERBOSE:  resource_manager.cpp:133 Created 'CSpxSynthesisResult' as '3874248'
[991569]: 566ms SPX_DBG_TRACE_VERBOSE:  named_properties.h:479 ISpxNamedProperties::GetStringValue: this=0x0000014FF250F1C0; name='RESULT-SynthesisBackend'; value='online (websocket)'
[991569]: 566ms SPX_DBG_TRACE_VERBOSE:  pull_audio_output_stream.cpp:89 CSpxPullAudioOutputStream::AvailableSize: current available size: 23438
[991569]: 566ms SPX_DBG_TRACE_VERBOSE:  pull_audio_output_stream.cpp:26 CSpxPullAudioOutputStream::Write buffer 0000014FF2A0A277 size=24162
[991569]: 566ms SPX_DBG_TRACE_VERBOSE:  audio_data_stream.cpp:151 CSpxAudioDataStream::CSpxAudioDataStream::Write buffer 0000014FF2A0A277 size=24162
[579553]: 566ms SPX_DBG_TRACE_SCOPE_ENTER:  synthesizer.cpp:1194 DispatchEvent task started...
[579553]: 566ms SPX_DBG_TRACE_VERBOSE:  synthesizer.cpp:569 [0000014FF29A0000]CSpxSynthesizer::CSpxSynthesizer::FireResultEvent
[579553]: 566ms SPX_DBG_TRACE_VERBOSE:  resource_manager.cpp:133 Created 'CSpxSynthesisEventArgs' as '657912386'
[991569]: 566ms SPX_TRACE_VERBOSE:  usp_web_socket.cpp:209 USP message received. IsBinary=1, Path=audio, Size=105 B, Time=2024-08-27T17:52:33.7795552Z
[579553]: 566ms SPX_DBG_TRACE_VERBOSE:  handle_table.h:111 CSpxHandleTable::TrackHandle p=0x0000014FF07D41F0
[579553]: 566ms SPX_DBG_TRACE_VERBOSE:  handle_table.h:121 CSpxHandleTable::TrackHandle class=ISpxSynthesisEventArgs, h=0x0000014FF07D41F0, p=0x0000014FF07D41F0, tot=1
[991569]: 566ms SPX_TRACE_INFO:  usp_connection.cpp:1028 TS:553 Response Message: path: audio, size: 0.
[579553]: 566ms SPX_DBG_TRACE_VERBOSE:  handle_table.h:111 CSpxHandleTable::TrackHandle p=0x0000014FF250F1A0
[579553]: 566ms SPX_DBG_TRACE_VERBOSE:  handle_table.h:121 CSpxHandleTable::TrackHandle class=ISpxSynthesisResult, h=0x0000014FF250F1A0, p=0x0000014FF250F1A0, tot=1
[991569]: 566ms SPX_TRACE_VERBOSE:  usp_web_socket.cpp:209 USP message received. IsBinary=0, Path=turn.end, Size=111 B, Time=2024-08-27T17:52:33.7796082Z
[991569]: 566ms SPX_TRACE_INFO:  usp_connection.cpp:1008 Response Message: content type: application/json; charset=utf-8.
[991569]: 566ms SPX_TRACE_INFO:  usp_connection.cpp:1028 TS:553 Response Message: path: turn.end, size: 2.
[991569]: 566ms SPX_DBG_TRACE_VERBOSE:  usp_connection.cpp:1095 Got turn end, clear m_streamIdLangMap.
[579553]: 566ms SPX_DBG_TRACE_VERBOSE:  handle_table.h:111 CSpxHandleTable::TrackHandle p=0x0000014FF250F1C0
[579553]: 566ms SPX_DBG_TRACE_VERBOSE:  handle_table.h:121 CSpxHandleTable::TrackHandle class=ISpxNamedProperties, h=0x0000014FF250F1C0, p=0x0000014FF250F1C0, tot=4
[991569]: 566ms SPX_TRACE_INFO:  usp_metrics.cpp:430 Microsoft::CognitiveServices::Speech::USP::CSpxTelemetry::SendSerializedTelemetry: Send telemetry (requestId:df496b152d1d43bda9dc63ee93882dda): {"Metrics":[{"End":"2024-08-27T17:52:33.529Z","Id":"5875f3aaa4ee40bd88977a064345f918","Name":"Connection","Start":"2024-08-27T17:52:33.227Z"},{"DeviceId":["4ace4755-0a8c-41a1-9d9f-5e603d1b2dde"],"Name":"device"}]}
[991569]: 566ms SPX_TRACE_INFO:  usp_metrics.cpp:430 Microsoft::CognitiveServices::Speech::USP::CSpxTelemetry::SendSerializedTelemetry: Send telemetry (requestId:df496b152d1d43bda9dc63ee93882dda): {"ReceivedMessages":[{"turn.start":["2024-08-27T17:52:33.576Z"]},{"turn.end":["2024-08-27T17:52:33.779Z"]},{"audio":["2024-08-27T17:52:33.748Z","2024-08-27T17:52:33.779Z","2024-08-27T17:52:33.779Z"]},{"audio.metadata":["2024-08-27T17:52:33.716Z"]},{"response":["2024-08-27T17:52:33.591Z"]}]}
[579553]: 567ms SPX_TRACE_VERBOSE interop_factory.cs:84 Dispose(True) called for 14ff07d41f0
[991569]: 567ms SPX_TRACE_INFO:  thread_service.cpp:96 Started thread User with ID [3343ll]
[579553]: 567ms SPX_DBG_TRACE_VERBOSE:  handle_table.h:180 CSpxHandleTable::StopTracking(h) h=0x0000014FF07D41F0
[579553]: 567ms SPX_DBG_TRACE_VERBOSE:  handle_table.h:195 CSpxHandleTable::StopTracking(h) class=ISpxSynthesisEventArgs, h=0x0000014FF07D41F0, p=0x0000014FF07D41F0, tot=0
[991569]: 567ms SPX_TRACE_INFO:  thread_service.cpp:96 Started thread Background with ID [329617ll]
[579553]: 567ms SPX_TRACE_VERBOSE interop_factory.cs:84 Dispose(True) called for 14ff250f1c0
[579553]: 567ms SPX_DBG_TRACE_VERBOSE:  handle_table.h:180 CSpxHandleTable::StopTracking(h) h=0x0000014FF250F1C0
[579553]: 567ms SPX_DBG_TRACE_VERBOSE:  handle_table.h:195 CSpxHandleTable::StopTracking(h) class=ISpxNamedProperties, h=0x0000014FF250F1C0, p=0x0000014FF250F1C0, tot=3
[579553]: 567ms SPX_TRACE_VERBOSE interop_factory.cs:84 Dispose(True) called for 14ff250f1a0
[991569]: 567ms SPX_TRACE_INFO:  thread_service.cpp:96 Started thread Media with ID [45989ll]
[579553]: 567ms SPX_DBG_TRACE_VERBOSE:  handle_table.h:180 CSpxHandleTable::StopTracking(h) h=0x0000014FF250F1A0
[579553]: 567ms SPX_DBG_TRACE_VERBOSE:  handle_table.h:195 CSpxHandleTable::StopTracking(h) class=ISpxSynthesisResult, h=0x0000014FF250F1A0, p=0x0000014FF250F1A0, tot=0
[579553]: 567ms SPX_DBG_TRACE_SCOPE_EXIT:  synthesizer.cpp:1194 DispatchEvent task complete!
[991569]: 567ms SPX_TRACE_VERBOSE:  web_socket.cpp:540 [0x0000014FF29D9BE0] Web socket sending message. Time: 2024-08-27T17:52:33.7799352Z, TimeInQueue: 0ms, IsBinary: 0, Path: telemetry, Size:363 B
[819364]: 567ms SPX_TRACE_INFO:  usp_tts_engine_adapter.cpp:362 CSpxUspTtsEngineAdapter::SpeakInternal: synthesis completed. request id: df496b152d1d43bda9dc63ee93882dda.
[3343]: 567ms SPX_DBG_TRACE_VERBOSE:  synthesizer.cpp:1174 Word boundary events are all dispatched.
[579553]: 567ms SPX_DBG_TRACE_FUNCTION:  synthesis_result.cpp:30 CSpxSynthesisResult::~CSpxSynthesisResult
[991569]: 567ms SPX_TRACE_VERBOSE:  web_socket.cpp:649 [0x0000014FF29D9BE0] Web socket send message completed. Result: 0, SendTime: 0ms, IsBinary: 0, Path: telemetry, Size:363 B
[819364]: 567ms SPX_DBG_TRACE_FUNCTION:  synthesis_request.cpp:32 CSpxSynthesisRequest::~CSpxSynthesisRequest
[991569]: 567ms SPX_TRACE_VERBOSE:  web_socket.cpp:540 [0x0000014FF29D9BE0] Web socket sending message. Time: 2024-08-27T17:52:33.7800117Z, TimeInQueue: 0ms, IsBinary: 0, Path: telemetry, Size:441 B
[819364]: 567ms SPX_DBG_TRACE_VERBOSE:  pull_audio_output_stream.cpp:166 Signal End of Writing is called
[819364]: 567ms SPX_DBG_TRACE_VERBOSE:  pull_audio_output_stream.cpp:89 CSpxPullAudioOutputStream::AvailableSize: current available size: 47600
[991569]: 567ms SPX_TRACE_VERBOSE:  web_socket.cpp:649 [0x0000014FF29D9BE0] Web socket send message completed. Result: 0, SendTime: 0ms, IsBinary: 0, Path: telemetry, Size:441 B
[329617]: 567ms SPX_DBG_TRACE_VERBOSE:  synthesizer.cpp:1180 Viseme events are all dispatched.
[819364]: 567ms SPX_DBG_TRACE_VERBOSE:  pull_audio_output_stream.cpp:89 CSpxPullAudioOutputStream::AvailableSize: current available size: 47600
[45989]: 567ms SPX_DBG_TRACE_VERBOSE:  synthesizer.cpp:1186 Bookmark events are all dispatched.
[819364]: 567ms SPX_DBG_TRACE_VERBOSE:  pull_audio_output_stream.cpp:69 CSpxPullAudioOutputStream::Read: is called
[819364]: 567ms SPX_DBG_TRACE_VERBOSE:  pull_audio_output_stream.cpp:136 CSpxPullAudioOutputStream::Read: bytesRead=47600
[819364]: 567ms SPX_TRACE_VERBOSE:  synthesizer.cpp:351 CSpxSynthesizer::ExecuteSynthesis: audio duration: 1487 ms.
[819364]: 567ms SPX_DBG_TRACE_VERBOSE:  named_properties.h:479 ISpxNamedProperties::GetStringValue: this=0x0000014FF250EEE0; name='RESULT-SynthesisBackend'; value='online (websocket)'
[819364]: 567ms SPX_DBG_TRACE_VERBOSE:  named_properties.h:479 ISpxPropertyBagImpl::SetStringValue: this=0x0000014FF2495EE8; name='RESULT-SynthesisFirstByteLatencyMs'; value='522'
[819364]: 567ms SPX_DBG_TRACE_VERBOSE:  named_properties.h:479 ISpxPropertyBagImpl::SetStringValue: this=0x0000014FF2495EE8; name='RESULT-SynthesisFinishLatencyMs'; value='554'
[819364]: 567ms SPX_DBG_TRACE_VERBOSE:  named_properties.h:479 ISpxPropertyBagImpl::SetStringValue: this=0x0000014FF2495EE8; name='RESULT-SynthesisConnectionLatencyMs'; value='303'
[819364]: 567ms SPX_DBG_TRACE_VERBOSE:  named_properties.h:479 ISpxPropertyBagImpl::SetStringValue: this=0x0000014FF2495EE8; name='RESULT-SynthesisNetworkLatencyMs'; value='47'
[819364]: 567ms SPX_DBG_TRACE_VERBOSE:  named_properties.h:479 ISpxPropertyBagImpl::SetStringValue: this=0x0000014FF2495EE8; name='RESULT-SynthesisServiceLatencyMs'; value='172'
[819364]: 567ms SPX_DBG_TRACE_VERBOSE:  named_properties.h:479 ISpxPropertyBagImpl::SetStringValue: this=0x0000014FF2495EE8; name='RESULT-SynthesisUnderrunTimeMs'; value='0'
[819364]: 567ms SPX_DBG_TRACE_VERBOSE:  pull_audio_output_stream.cpp:166 Signal End of Writing is called
[819364]: 567ms SPX_TRACE_INFO:  synthesizer.cpp:397 CSpxSynthesizer::ExecuteSynthesis: synthesis done, request id: df496b152d1d43bda9dc63ee93882dda; text: Channel; request hash: 
[819364]: 567ms SPX_DBG_TRACE_FUNCTION:  synthesis_result.cpp:30 CSpxSynthesisResult::~CSpxSynthesisResult
[579553]: 567ms SPX_DBG_TRACE_SCOPE_ENTER:  synthesizer.cpp:1194 DispatchEvent task started...
[819364]: 567ms SPX_DBG_TRACE_VERBOSE:  handle_table.h:111 CSpxHandleTable::TrackHandle p=0x0000014FF250EEC0
[579553]: 567ms SPX_DBG_TRACE_VERBOSE:  synthesizer.cpp:569 [0000014FF29A0000]CSpxSynthesizer::CSpxSynthesizer::FireResultEvent
[819364]: 567ms SPX_DBG_TRACE_VERBOSE:  handle_table.h:121 CSpxHandleTable::TrackHandle class=ISpxSynthesisResult, h=0x0000014FF250EEC0, p=0x0000014FF250EEC0, tot=1
[579553]: 567ms SPX_TRACE_VERBOSE:  synthesizer.cpp:583 CSpxSynthesizer::FireResultEvent: Waiting for all metadata events triggered.
[579553]: 567ms SPX_DBG_TRACE_VERBOSE:  resource_manager.cpp:133 Created 'CSpxSynthesisEventArgs' as '657912386'
[579553]: 567ms SPX_DBG_TRACE_VERBOSE:  handle_table.h:111 CSpxHandleTable::TrackHandle p=0x0000014FF07D4610
[579553]: 567ms SPX_DBG_TRACE_VERBOSE:  handle_table.h:121 CSpxHandleTable::TrackHandle class=ISpxSynthesisEventArgs, h=0x0000014FF07D4610, p=0x0000014FF07D4610, tot=1
[819364]: 567ms SPX_DBG_TRACE_VERBOSE:  handle_table.h:111 CSpxHandleTable::TrackHandle p=0x0000014FF250EEE0
[819364]: 567ms SPX_DBG_TRACE_VERBOSE:  handle_table.h:121 CSpxHandleTable::TrackHandle class=ISpxNamedProperties, h=0x0000014FF250EEE0, p=0x0000014FF250EEE0, tot=4
[579553]: 567ms SPX_DBG_TRACE_VERBOSE:  handle_table.h:111 CSpxHandleTable::TrackHandle p=0x0000014FF250EEC0
[579553]: 567ms SPX_DBG_TRACE_VERBOSE:  handle_table.h:121 CSpxHandleTable::TrackHandle class=ISpxSynthesisResult, h=0x0000014FF250EEC0, p=0x0000014FF250EEC0, tot=2
[579553]: 567ms SPX_DBG_TRACE_VERBOSE:  handle_table.h:111 CSpxHandleTable::TrackHandle p=0x0000014FF250EEE0
[579553]: 567ms SPX_DBG_TRACE_VERBOSE:  handle_table.h:121 CSpxHandleTable::TrackHandle class=ISpxNamedProperties, h=0x0000014FF250EEE0, p=0x0000014FF250EEE0, tot=5
[579553]: 568ms SPX_TRACE_VERBOSE interop_factory.cs:84 Dispose(True) called for 14ff07d4610
[579553]: 568ms SPX_DBG_TRACE_VERBOSE:  handle_table.h:180 CSpxHandleTable::StopTracking(h) h=0x0000014FF07D4610
[579553]: 568ms SPX_DBG_TRACE_VERBOSE:  handle_table.h:195 CSpxHandleTable::StopTracking(h) class=ISpxSynthesisEventArgs, h=0x0000014FF07D4610, p=0x0000014FF07D4610, tot=0
[579553]: 568ms SPX_TRACE_VERBOSE interop_factory.cs:84 Dispose(True) called for 14ff250eee0
[579553]: 568ms SPX_DBG_TRACE_VERBOSE:  handle_table.h:180 CSpxHandleTable::StopTracking(h) h=0x0000014FF250EEE0
[579553]: 568ms SPX_DBG_TRACE_VERBOSE:  handle_table.h:195 CSpxHandleTable::StopTracking(h) class=ISpxNamedProperties, h=0x0000014FF250EEE0, p=0x0000014FF250EEE0, tot=4
[579553]: 568ms SPX_TRACE_VERBOSE interop_factory.cs:84 Dispose(True) called for 14ff250eec0
[579553]: 568ms SPX_DBG_TRACE_VERBOSE:  handle_table.h:180 CSpxHandleTable::StopTracking(h) h=0x0000014FF250EEC0
[579553]: 568ms SPX_DBG_TRACE_VERBOSE:  handle_table.h:195 CSpxHandleTable::StopTracking(h) class=ISpxSynthesisResult, h=0x0000014FF250EEC0, p=0x0000014FF250EEC0, tot=1
[579553]: 568ms SPX_DBG_TRACE_SCOPE_EXIT:  synthesizer.cpp:1194 DispatchEvent task complete!
[710301]: 573ms SPX_TRACE_VERBOSE interop_factory.cs:84 Dispose(True) called for 14ff29a0468
[710301]: 573ms SPX_DBG_TRACE_VERBOSE:  handle_table.h:180 CSpxHandleTable::StopTracking(h) h=0x0000014FF29A0468
[710301]: 573ms SPX_DBG_TRACE_VERBOSE:  handle_table.h:195 CSpxHandleTable::StopTracking(h) class=ISpxNamedProperties, h=0x0000014FF29A0468, p=0x0000014FF29A0468, tot=3
[710301]: 573ms SPX_TRACE_VERBOSE interop_factory.cs:84 Dispose(True) called for 14ff29a0038
[710301]: 573ms SPX_DBG_TRACE_FUNCTION:  synthesizer.cpp:493 CSpxSynthesizer::SetDisposing
[710301]: 573ms SPX_DBG_TRACE_VERBOSE:  handle_table.h:180 CSpxHandleTable::StopTracking(h) h=0x0000014FF29A0038
[710301]: 573ms SPX_DBG_TRACE_VERBOSE:  handle_table.h:195 CSpxHandleTable::StopTracking(h) class=ISpxSynthesizer, h=0x0000014FF29A0038, p=0x0000014FF29A0038, tot=0
[710301]: 573ms SPX_DBG_TRACE_SCOPE_ENTER:  synthesizer.cpp:42 CSpxSynthesizer::~CSpxSynthesizer
[710301]: 573ms SPX_DBG_TRACE_VERBOSE:  create_object_helpers.h:78 SpxTerm: ptr=0x0000014FF29A0A58
[710301]: 573ms SPX_DBG_TRACE_SCOPE_ENTER:  usp_tts_engine_adapter.cpp:88 CSpxUspTtsEngineAdapter::Term
[710301]: 573ms SPX_DBG_TRACE_VERBOSE:  create_object_helpers.h:78 SpxTerm: ptr=0x0000014FF29DC448
[710301]: 573ms SPX_DBG_TRACE_SCOPE_ENTER:  usp_connection.cpp:146 Microsoft::CognitiveServices::Speech::USP::CSpxUspConnection::~CSpxUspConnection
[710301]: 573ms SPX_DBG_TRACE_SCOPE_EXIT:  usp_connection.cpp:146 Microsoft::CognitiveServices::Speech::USP::CSpxUspConnection::~CSpxUspConnection
[710301]: 573ms SPX_DBG_TRACE_SCOPE_ENTER:  web_socket.cpp:221 CSpxWebSocket::~CSpxWebSocket
[710301]: 573ms SPX_TRACE_INFO:  web_socket.cpp:421 [0000014FF29D9BE0] Web socket upload rate this period was is 5.9734 KB/s
[710301]: 573ms SPX_TRACE_INFO:  web_socket.cpp:425 CSpxWebSocket::Disconnect: start the close handshake.
[710301]: 573ms SPX_TRACE_SCOPE_ENTER:  uws_web_socket.cpp:165 WebSocketAdapter::UwsWebSocket::Close
[580535]: 612ms SPX_TRACE_INFO: AZ_LOG_INFO:  uws_client.c:1496 on_underlying_io_bytes_received: Close frame received
[580535]: 612ms SPX_TRACE_INFO: AZ_LOG_INFO:  uws_client.c:1574 on_underlying_io_bytes_received: closing underlying io.
[580535]: 612ms SPX_TRACE_INFO: AZ_LOG_INFO:  uws_client.c:939 on_underlying_io_close_complete: uws_state: 6.
[580535]: 612ms SPX_TRACE_SCOPE_ENTER:  uws_web_socket.cpp:283 WebSocketAdapter::UwsWebSocket::OnWebSocketClosed
[580535]: 612ms SPX_TRACE_INFO:  web_socket.cpp:1013 CSpxWebSocket::OnWebSocketClosed: context=0000014FF29D9BE0
[580535]: 612ms SPX_TRACE_SCOPE_EXIT:  uws_web_socket.cpp:283 WebSocketAdapter::UwsWebSocket::OnWebSocketClosed
[710301]: 627ms SPX_TRACE_SCOPE_EXIT:  uws_web_socket.cpp:165 WebSocketAdapter::UwsWebSocket::Close
[710301]: 627ms SPX_TRACE_INFO:  web_socket.cpp:427 CSpxWebSocket::Disconnect: isOpen: false
[710301]: 627ms SPX_TRACE_INFO:  web_socket.cpp:430 CSpxWebSocket::Disconnect: destroying uwsclient.
[710301]: 627ms SPX_TRACE_SCOPE_ENTER:  uws_web_socket.cpp:36 WebSocketAdapter::UwsWebSocket::~UwsWebSocket
[710301]: 627ms SPX_TRACE_SCOPE_EXIT:  uws_web_socket.cpp:36 WebSocketAdapter::UwsWebSocket::~UwsWebSocket
[710301]: 627ms SPX_DBG_TRACE_SCOPE_EXIT:  web_socket.cpp:221 CSpxWebSocket::~CSpxWebSocket
[710301]: 627ms SPX_DBG_TRACE_SCOPE_EXIT:  usp_tts_engine_adapter.cpp:88 CSpxUspTtsEngineAdapter::Term
[710301]: 627ms SPX_DBG_TRACE_VERBOSE:  usp_tts_engine_adapter.cpp:67 CSpxUspTtsEngineAdapter::~CSpxUspTtsEngineAdapter: this=0x0000014FF29A0A00
[710301]: 627ms SPX_DBG_TRACE_VERBOSE:  create_object_helpers.h:78 SpxTerm: ptr=0x0000014FF0762358
[710301]: 627ms SPX_DBG_TRACE_SCOPE_ENTER:  thread_service.cpp:45 CSpxThreadService::Term
[710301]: 627ms SPX_DBG_TRACE_SCOPE_EXIT:  thread_service.cpp:45 CSpxThreadService::Term
[710301]: 627ms SPX_DBG_TRACE_VERBOSE:  create_object_helpers.h:78 SpxTerm: ptr=0x0000014FCE5866B8
[710301]: 627ms SPX_DBG_TRACE_SCOPE_EXIT:  synthesizer.cpp:42 CSpxSynthesizer::~CSpxSynthesizer
[710301]: 627ms SPX_DBG_TRACE_SCOPE_ENTER:  thread_service.cpp:45 CSpxThreadService::Term
[710301]: 627ms SPX_DBG_TRACE_SCOPE_EXIT:  thread_service.cpp:45 CSpxThreadService::Term
[710301]: 628ms SPX_DBG_TRACE_SCOPE_ENTER:  thread_service.cpp:45 CSpxThreadService::Term
[710301]: 628ms SPX_DBG_TRACE_SCOPE_EXIT:  thread_service.cpp:45 CSpxThreadService::Term
[710301]: 628ms SPX_TRACE_VERBOSE interop_factory.cs:84 Dispose(True) called for 14ff25115f8
[710301]: 628ms SPX_DBG_TRACE_VERBOSE:  handle_table.h:180 CSpxHandleTable::StopTracking(h) h=0x0000014FF25115F8
[710301]: 628ms SPX_DBG_TRACE_VERBOSE:  handle_table.h:195 CSpxHandleTable::StopTracking(h) class=ISpxNamedProperties, h=0x0000014FF25115F8, p=0x0000014FF25115F8, tot=2
[710301]: 629ms SPX_DBG_TRACE_FUNCTION:  memory_logger.cpp:130 MemoryLogger::Exit
[710301]: 629ms SPX_DBG_TRACE_FUNCTION:  resource_manager.cpp:103 CSpxResourceManager::~CSpxResourceManager
