[232554]: 20ms SPX_DBG_TRACE_VERBOSE:  resource_manager.cpp:133 Created 'CSpxThreadService' as '303073113'
[232554]: 20ms SPX_DBG_TRACE_VERBOSE:  resource_manager.cpp:133 Created 'CSpxThreadService' as '303073113'
[232554]: 20ms SPX_DBG_TRACE_VERBOSE:  usp_tts_engine_adapter.cpp:62 CSpxUspTtsEngineAdapter::CSpxUspTtsEngineAdapter
[232554]: 20ms SPX_DBG_TRACE_VERBOSE:  resource_manager.cpp:133 Created 'CSpxUspTtsEngineAdapter' as '919101823'
[232554]: 21ms SPX_DBG_TRACE_VERBOSE:  resource_manager.cpp:133 Created 'CSpxWavFileWriter' as '558221231'
[232554]: 21ms SPX_DBG_TRACE_VERBOSE:  null_audio_output.h:93 CSpxNullAudioOutput::SetFormat is called with format 0x00000279CBD86140
[232554]: 22ms SPX_DBG_TRACE_VERBOSE:  cloud_tts_engine_adapter.cpp:134 CSpxCloudTtsEngineAdapter::SetOutput
[232554]: 22ms SPX_TRACE_INFO:  cloud_tts_engine_adapter.cpp:212 CSpxCloudTtsEngineAdapter::SetOutput: request format [riff-16khz-16bit-mono-pcm] has header, using raw format instead for streaming.
[232554]: 22ms SPX_DBG_TRACE_VERBOSE:  handle_table.h:111 CSpxHandleTable::TrackHandle p=0x00000279C9F58618
[232554]: 22ms SPX_DBG_TRACE_VERBOSE:  handle_table.h:121 CSpxHandleTable::TrackHandle class=ISpxSynthesizer, h=0x00000279C9F58618, p=0x00000279C9F58618, tot=1
[232554]: 22ms SPX_DBG_TRACE_SCOPE_EXIT:  speechapi_c_factory.cpp:548 synthesizer_create_speech_synthesizer_from_config
[232554]: 22ms SPX_DBG_TRACE_VERBOSE:  handle_table.h:111 CSpxHandleTable::TrackHandle p=0x00000279C9F58A48
[232554]: 22ms SPX_DBG_TRACE_VERBOSE:  handle_table.h:121 CSpxHandleTable::TrackHandle class=ISpxNamedProperties, h=0x00000279C9F58A48, p=0x00000279C9F58A48, tot=3
[725464]: 25ms SPX_DBG_TRACE_VERBOSE:  resource_manager.cpp:133 Created 'CSpxAudioDataStream' as '418301898'
[725464]: 25ms SPX_DBG_TRACE_VERBOSE:  null_audio_output.h:93 CSpxNullAudioOutput::SetFormat is called with format 0x00000279CBD86140
[725464]: 25ms SPX_DBG_TRACE_FUNCTION:  synthesis_result.cpp:25 CSpxSynthesisResult::CSpxSynthesisResult
[725464]: 26ms SPX_DBG_TRACE_VERBOSE:  resource_manager.cpp:133 Created 'CSpxSynthesisResult' as '3874248'
[725464]: 26ms SPX_TRACE_INFO:  thread_service.cpp:96 Started thread User with ID [235105ll]
[725464]: 26ms SPX_TRACE_VERBOSE:  synthesizer.cpp:217 CSpxSynthesizer::ExecuteSynthesis: synthesis started, request id: 148d7d10d0014e80bbc723d20460c3e2; text: Locked
[725464]: 26ms SPX_DBG_TRACE_VERBOSE:  synthesizer_timeout_management.cpp:32 SynthesisTimeoutManagement::SetTimeoutValues: RTF set to 2.00; frame timeout interval set to 3000 ms.
[235105]: 26ms SPX_DBG_TRACE_SCOPE_ENTER:  synthesizer.cpp:1194 DispatchEvent task started...
[235105]: 26ms SPX_DBG_TRACE_VERBOSE:  synthesizer.cpp:569 [00000279C9F585E0]CSpxSynthesizer::CSpxSynthesizer::FireResultEvent
[725464]: 26ms SPX_DBG_TRACE_FUNCTION:  synthesis_request.cpp:27 CSpxSynthesisRequest::CSpxSynthesisRequest
[725464]: 26ms SPX_DBG_TRACE_VERBOSE:  resource_manager.cpp:133 Created 'CSpxSynthesisRequest' as '211460561'
[725464]: 26ms SPX_DBG_TRACE_FUNCTION:  synthesis_request.cpp:37 CSpxSynthesisRequest::Init
[725464]: 26ms SPX_DBG_TRACE_VERBOSE:  usp_tts_engine_adapter.cpp:102 CSpxUspTtsEngineAdapter::Speak
[725464]: 26ms SPX_DBG_TRACE_VERBOSE:  usp_tts_engine_adapter.cpp:120 CSpxUspTtsEngineAdapter::Speak: start to send synthesis request, request id : 148d7d10d0014e80bbc723d20460c3e2, try: 0
[725464]: 26ms SPX_DBG_TRACE_FUNCTION:  synthesis_request.cpp:94 CSpxSynthesisRequest::GetInputContent
[725464]: 26ms SPX_DBG_TRACE_VERBOSE:  named_properties.h:479 ISpxNamedProperties::GetStringValue: this=0x00000279C9F58A48; name='SPEECH-SynthVoice'; value='en-US-ChristopherNeural'
[235105]: 26ms SPX_DBG_TRACE_VERBOSE:  resource_manager.cpp:133 Created 'CSpxSynthesisEventArgs' as '657912386'
[725464]: 26ms SPX_DBG_TRACE_FUNCTION:  synthesis_result.cpp:25 CSpxSynthesisResult::CSpxSynthesisResult
[725464]: 26ms SPX_DBG_TRACE_VERBOSE:  resource_manager.cpp:133 Created 'CSpxSynthesisResult' as '3874248'
[235105]: 26ms SPX_DBG_TRACE_VERBOSE:  handle_table.h:111 CSpxHandleTable::TrackHandle p=0x00000279CBC56E50
[725464]: 26ms SPX_DBG_TRACE_VERBOSE:  usp_tts_engine_adapter.cpp:223 SSML sent to TTS cognitive service: <speak version='1.0' xmlns='http://www.w3.org/2001/10/synthesis' xmlns:mstts='http://www.w3.org/2001/mstts' xmlns:emo='http://www.w3.org/2009/10/emotionml' xml:lang='en-US'><voice name='en-US-ChristopherNeural'>Locked</voice></speak>
[235105]: 26ms SPX_DBG_TRACE_VERBOSE:  handle_table.h:121 CSpxHandleTable::TrackHandle class=ISpxSynthesisEventArgs, h=0x00000279CBC56E50, p=0x00000279CBC56E50, tot=1
[725464]: 26ms SPX_DBG_TRACE_VERBOSE:  usp_tts_engine_adapter.cpp:602 CSpxUspTtsEngineAdapter::UspInitialize: this=0x00000279C9F58FE0
[725464]: 26ms SPX_DBG_TRACE_VERBOSE:  named_properties.h:479 ISpxNamedProperties::GetStringValue: this=0x00000279C9F58A48; name='SPEECH-SubscriptionKey'; value='******************************04'
[725464]: 26ms SPX_DBG_TRACE_VERBOSE:  named_properties.h:479 ISpxNamedProperties::GetStringValue: this=0x00000279C9F59048; name='AZAC-SDK-PROGRAMMING-LANGUAGE'; value='C#'
[725464]: 26ms SPX_DBG_TRACE_VERBOSE:  named_properties.h:479 ISpxNamedProperties::GetStringValue: this=0x00000279C9F59048; name='SPEECH-UserDefinedQueryParameters'; value='traffictype=spx'
[725464]: 26ms SPX_DBG_TRACE_VERBOSE:  named_properties.h:479 ISpxPropertyBagImpl::SetStringValue: this=0x00000279C9F59048; name='HttpHeader#User-agent'; value='spx SpeechSDK-C#/1.40.0 Windows Client 8'
[725464]: 26ms SPX_DBG_TRACE_VERBOSE:  named_properties.h:479 ISpxNamedProperties::FindPrefix: this=0x00000279C9F59048; name='User-agent'; value='spx SpeechSDK-C#/1.40.0 Windows Client 8'
[725464]: 26ms SPX_DBG_TRACE_VERBOSE:  resource_manager.cpp:133 Created 'CSpxUspCallbackWrapper' as '710381509'
[725464]: 26ms SPX_DBG_TRACE_VERBOSE:  named_properties.h:479 ISpxNamedProperties::GetStringValue: this=0x00000279C9F58A48; name='SPEECH-Region'; value='westeurope'
[725464]: 26ms SPX_DBG_TRACE_VERBOSE:  named_properties.h:479 ISpxNamedProperties::GetStringValue: this=0x00000279C9F58A48; name='SPEECH-ProxyHostBypass'; value=''
[725464]: 26ms SPX_DBG_TRACE_VERBOSE:  resource_manager.cpp:133 Created 'CSpxUspConnection' as '792041254'
[235105]: 26ms SPX_DBG_TRACE_VERBOSE:  handle_table.h:111 CSpxHandleTable::TrackHandle p=0x00000279CBCCBA40
[235105]: 26ms SPX_DBG_TRACE_VERBOSE:  handle_table.h:121 CSpxHandleTable::TrackHandle class=ISpxSynthesisResult, h=0x00000279CBCCBA40, p=0x00000279CBCCBA40, tot=1
[725464]: 26ms SPX_TRACE_INFO:  usp_connection.cpp:485 Microsoft::CognitiveServices::Speech::USP::CSpxUspConnection::Connect: entering...
[725464]: 26ms SPX_TRACE_INFO:  usp_connection.cpp:502 Adding subscription key headers
[725464]: 26ms SPX_TRACE_INFO:  usp_connection.cpp:537 Set a user defined HTTP header 'User-agent':'spx SpeechSDK-C#/1.40.0 Windows Client 8'
[725464]: 26ms SPX_TRACE_INFO:  usp_connection.cpp:543 Set an underlying io option 'tcp_nodelay'
[725464]: 26ms SPX_TRACE_INFO:  usp_connection.cpp:552 connectionUrl=wss://westeurope.tts.speech.microsoft.com/cognitiveservices/websocket/v1
[725464]: 26ms SPX_DBG_TRACE_VERBOSE:  resource_manager.cpp:133 Created 'CSpxTelemetry' as '151041793'
[725464]: 27ms SPX_DBG_TRACE_SCOPE_ENTER:  web_socket.cpp:216 CSpxWebSocket::CSpxWebSocket
[725464]: 27ms SPX_DBG_TRACE_SCOPE_EXIT:  web_socket.cpp:216 CSpxWebSocket::CSpxWebSocket
[725464]: 27ms SPX_DBG_TRACE_VERBOSE:  resource_manager.cpp:133 Created 'CSpxWebSocket' as '482598724'
[725464]: 27ms SPX_TRACE_SCOPE_ENTER:  uws_web_socket.cpp:31 WebSocketAdapter::UwsWebSocket::UwsWebSocket
[725464]: 27ms SPX_TRACE_SCOPE_EXIT:  uws_web_socket.cpp:31 WebSocketAdapter::UwsWebSocket::UwsWebSocket
[725464]: 27ms SPX_TRACE_SCOPE_ENTER:  uws_web_socket.cpp:43 WebSocketAdapter::UwsWebSocket::Initialize
[725464]: 27ms SPX_TRACE_SCOPE_EXIT:  uws_web_socket.cpp:43 WebSocketAdapter::UwsWebSocket::Initialize
[725464]: 27ms SPX_TRACE_SCOPE_ENTER:  uws_web_socket.cpp:221 WebSocketAdapter::UwsWebSocket::SetRequestHeader
[725464]: 27ms SPX_TRACE_SCOPE_EXIT:  uws_web_socket.cpp:221 WebSocketAdapter::UwsWebSocket::SetRequestHeader
[725464]: 27ms SPX_TRACE_SCOPE_ENTER:  uws_web_socket.cpp:221 WebSocketAdapter::UwsWebSocket::SetRequestHeader
[725464]: 27ms SPX_TRACE_SCOPE_EXIT:  uws_web_socket.cpp:221 WebSocketAdapter::UwsWebSocket::SetRequestHeader
[725464]: 27ms SPX_TRACE_SCOPE_ENTER:  uws_web_socket.cpp:221 WebSocketAdapter::UwsWebSocket::SetRequestHeader
[725464]: 27ms SPX_TRACE_SCOPE_EXIT:  uws_web_socket.cpp:221 WebSocketAdapter::UwsWebSocket::SetRequestHeader
[725464]: 27ms SPX_TRACE_INFO:  thread_service.cpp:96 Started thread Background with ID [352882ll]
[725464]: 27ms SPX_DBG_TRACE_VERBOSE:  named_properties.h:479 ISpxPropertyBagImpl::SetStringValue: this=0x00000279C9F58A48; name='SPEECH-ConnectionUrl'; value='wss://westeurope.tts.speech.microsoft.com/cognitiveservices/websocket/v1'
[725464]: 27ms SPX_DBG_TRACE_VERBOSE:  usp_tts_engine_adapter.cpp:425 speech.config {"context":{"system":{"version":"1.40.0","name":"SpeechSDK","build":"Windows-x64"},"os":{"platform":"Windows","name":"Client","version":"8"}}}
[725464]: 27ms SPX_DBG_TRACE_VERBOSE:  usp_tts_engine_adapter.cpp:542 speech.config='{"context":{"system":{"version":"1.40.0","name":"SpeechSDK","build":"Windows-x64"},"os":{"platform":"Windows","name":"Client","version":"8"}}}'
[352882]: 27ms SPX_TRACE_INFO:  web_socket.cpp:800 CSpxWebSocket::DoWork: open transport.
[352882]: 27ms SPX_TRACE_INFO:  web_socket.cpp:479 Start to open websocket. WebSocket: 0xcc1c3b00, wsio handle: 0xcbc55960
[352882]: 27ms SPX_TRACE_SCOPE_ENTER:  uws_web_socket.cpp:149 WebSocketAdapter::UwsWebSocket::Open
[725464]: 27ms SPX_DBG_TRACE_VERBOSE:  usp_tts_engine_adapter.cpp:542 synthesis.context='{"synthesis":{"audio":{"outputFormat":"raw-16khz-16bit-mono-pcm","metadataOptions":{"visemeEnabled":false,"bookmarkEnabled":false,"wordBoundaryEnabled":false,"punctuationBoundaryEnabled":false,"sentenceBoundaryEnabled":false,"sessionEndEnabled":true}},"language":{"autoDetection":false}}}'
[725464]: 27ms SPX_DBG_TRACE_FUNCTION:  synthesis_request.cpp:94 CSpxSynthesisRequest::GetInputContent
[725464]: 27ms SPX_DBG_TRACE_VERBOSE:  usp_tts_engine_adapter.cpp:507 ssml <speak version='1.0' xmlns='http://www.w3.org/2001/10/synthesis' xmlns:mstts='http://www.w3.org/2001/mstts' xmlns:emo='http://www.w3.org/2009/10/emotionml' xml:lang='en-US'><voice name='en-US-ChristopherNeural'>Locked</voice></speak>
[725464]: 27ms SPX_DBG_TRACE_VERBOSE:  usp_tts_engine_adapter.cpp:542 ssml='<speak version='1.0' xmlns='http://www.w3.org/2001/10/synthesis' xmlns:mstts='http://www.w3.org/2001/mstts' xmlns:emo='http://www.w3.org/2009/10/emotionml' xml:lang='en-US'><voice name='en-US-ChristopherNeural'>Locked</voice></speak>'
[235105]: 27ms SPX_DBG_TRACE_VERBOSE:  handle_table.h:111 CSpxHandleTable::TrackHandle p=0x00000279CBCCBA60
[235105]: 27ms SPX_DBG_TRACE_VERBOSE:  handle_table.h:121 CSpxHandleTable::TrackHandle class=ISpxNamedProperties, h=0x00000279CBCCBA60, p=0x00000279CBCCBA60, tot=4
[235105]: 29ms SPX_TRACE_VERBOSE interop_factory.cs:84 Dispose(True) called for 279cbc56e50
[235105]: 29ms SPX_DBG_TRACE_VERBOSE:  handle_table.h:180 CSpxHandleTable::StopTracking(h) h=0x00000279CBC56E50
[235105]: 29ms SPX_DBG_TRACE_VERBOSE:  handle_table.h:195 CSpxHandleTable::StopTracking(h) class=ISpxSynthesisEventArgs, h=0x00000279CBC56E50, p=0x00000279CBC56E50, tot=0
[235105]: 29ms SPX_TRACE_VERBOSE interop_factory.cs:84 Dispose(True) called for 279cbccba60
[235105]: 29ms SPX_DBG_TRACE_VERBOSE:  handle_table.h:180 CSpxHandleTable::StopTracking(h) h=0x00000279CBCCBA60
[235105]: 29ms SPX_DBG_TRACE_VERBOSE:  handle_table.h:195 CSpxHandleTable::StopTracking(h) class=ISpxNamedProperties, h=0x00000279CBCCBA60, p=0x00000279CBCCBA60, tot=3
[235105]: 29ms SPX_TRACE_VERBOSE interop_factory.cs:84 Dispose(True) called for 279cbccba40
[235105]: 29ms SPX_DBG_TRACE_VERBOSE:  handle_table.h:180 CSpxHandleTable::StopTracking(h) h=0x00000279CBCCBA40
[235105]: 29ms SPX_DBG_TRACE_VERBOSE:  handle_table.h:195 CSpxHandleTable::StopTracking(h) class=ISpxSynthesisResult, h=0x00000279CBCCBA40, p=0x00000279CBCCBA40, tot=0
[235105]: 29ms SPX_DBG_TRACE_SCOPE_EXIT:  synthesizer.cpp:1194 DispatchEvent task complete!
[352882]: 120ms SPX_TRACE_SCOPE_EXIT:  uws_web_socket.cpp:149 WebSocketAdapter::UwsWebSocket::Open
[352882]: 120ms SPX_TRACE_INFO:  usp_connection.cpp:787 Create requestId  for messageType 0
[352882]: 292ms SPX_TRACE_SCOPE_ENTER:  uws_web_socket.cpp:247 WebSocketAdapter::UwsWebSocket::OnWebSocketOpened
[352882]: 292ms SPX_TRACE_INFO:  web_socket.cpp:880 Opening websocket completed. TransportRequest: 0xcc1c3b00, wsio handle: 0xcbc55960, time: 2024-08-27T17:49:12.0311507Z
[352882]: 292ms SPX_TRACE_SCOPE_ENTER:  uws_web_socket.cpp:215 WebSocketAdapter::UwsWebSocket::SetOption
[352882]: 292ms SPX_TRACE_SCOPE_EXIT:  uws_web_socket.cpp:215 WebSocketAdapter::UwsWebSocket::SetOption
[352882]: 292ms SPX_TRACE_INFO:  usp_connection.cpp:902 TS:266, OnConnected: connection:0xa7dacda0
[352882]: 292ms SPX_TRACE_SCOPE_EXIT:  uws_web_socket.cpp:247 WebSocketAdapter::UwsWebSocket::OnWebSocketOpened
[235105]: 292ms SPX_DBG_TRACE_SCOPE_ENTER:  synthesizer.cpp:1194 DispatchEvent task started...
[352882]: 292ms SPX_TRACE_VERBOSE:  web_socket.cpp:540 [0x00000279CC1C3B00] Web socket sending message. Time: 2024-08-27T17:49:12.0312484Z, TimeInQueue: 171ms, IsBinary: 0, Path: speech.config, Size:204 B
[235105]: 292ms SPX_DBG_TRACE_SCOPE_ENTER:  synthesizer.cpp:658 CSpxSynthesizer::FireConnectionChanged
[235105]: 292ms SPX_DBG_TRACE_VERBOSE:  synthesizer.cpp:659 CSpxSynthesizer::FireConnectionChanged: Connected
[235105]: 292ms SPX_DBG_TRACE_VERBOSE:  resource_manager.cpp:133 Created 'CSpxConnectionEventArgs' as '189265475'
[235105]: 292ms SPX_DBG_TRACE_SCOPE_EXIT:  synthesizer.cpp:658 CSpxSynthesizer::FireConnectionChanged
[235105]: 292ms SPX_DBG_TRACE_SCOPE_EXIT:  synthesizer.cpp:1194 DispatchEvent task complete!
[352882]: 292ms SPX_TRACE_VERBOSE:  web_socket.cpp:649 [0x00000279CC1C3B00] Web socket send message completed. Result: 0, SendTime: 0ms, IsBinary: 0, Path: speech.config, Size:204 B
[352882]: 292ms SPX_TRACE_VERBOSE:  web_socket.cpp:540 [0x00000279CC1C3B00] Web socket sending message. Time: 2024-08-27T17:49:12.0313397Z, TimeInQueue: 172ms, IsBinary: 0, Path: synthesis.context, Size:400 B
[352882]: 292ms SPX_TRACE_VERBOSE:  web_socket.cpp:649 [0x00000279CC1C3B00] Web socket send message completed. Result: 0, SendTime: 0ms, IsBinary: 0, Path: synthesis.context, Size:400 B
[352882]: 292ms SPX_TRACE_VERBOSE:  web_socket.cpp:540 [0x00000279CC1C3B00] Web socket sending message. Time: 2024-08-27T17:49:12.0313878Z, TimeInQueue: 172ms, IsBinary: 0, Path: ssml, Size:367 B
[352882]: 292ms SPX_TRACE_VERBOSE:  web_socket.cpp:649 [0x00000279CC1C3B00] Web socket send message completed. Result: 0, SendTime: 0ms, IsBinary: 0, Path: ssml, Size:367 B
[352882]: 336ms SPX_TRACE_VERBOSE:  usp_web_socket.cpp:209 USP message received. IsBinary=0, Path=turn.start, Size=186 B, Time=2024-08-27T17:49:12.0756600Z
[352882]: 336ms SPX_TRACE_INFO:  usp_connection.cpp:993 Service originated request received with requestId: 148d7d10d0014e80bbc723d20460c3e2
[352882]: 336ms SPX_TRACE_INFO:  usp_connection.cpp:1008 Response Message: content type: application/json; charset=utf-8.
[352882]: 336ms SPX_TRACE_INFO:  usp_connection.cpp:1028 TS:310 Response Message: path: turn.start, size: 75.
[352882]: 351ms SPX_TRACE_VERBOSE:  usp_web_socket.cpp:209 USP message received. IsBinary=0, Path=response, Size=242 B, Time=2024-08-27T17:49:12.0907517Z
[352882]: 351ms SPX_TRACE_INFO:  usp_connection.cpp:1008 Response Message: content type: application/json; charset=utf-8.
[352882]: 351ms SPX_TRACE_INFO:  usp_connection.cpp:1028 TS:325 Response Message: path: response, size: 133.
[352882]: 411ms SPX_TRACE_VERBOSE:  usp_web_socket.cpp:209 USP message received. IsBinary=0, Path=audio.metadata, Size=229 B, Time=2024-08-27T17:49:12.1503053Z
[352882]: 411ms SPX_TRACE_INFO:  usp_connection.cpp:1008 Response Message: content type: application/json; charset=utf-8.
[352882]: 411ms SPX_TRACE_INFO:  usp_connection.cpp:1028 TS:385 Response Message: path: audio.metadata, size: 114.
[352882]: 411ms SPX_TRACE_VERBOSE:  usp_tts_engine_adapter.cpp:1011 Session end received, audio duration 13875000 ticks
[352882]: 441ms SPX_TRACE_VERBOSE:  usp_web_socket.cpp:209 USP message received. IsBinary=1, Path=audio, Size=20839 B, Time=2024-08-27T17:49:12.1806521Z
[352882]: 441ms SPX_TRACE_INFO:  usp_connection.cpp:1008 Response Message: content type: audio/basic.
[352882]: 441ms SPX_TRACE_INFO:  usp_connection.cpp:1028 TS:415 Response Message: path: audio, size: 20708.
[352882]: 441ms SPX_DBG_TRACE_VERBOSE:  resource_manager.cpp:133 Created 'CSpxPullAudioOutputStream' as '853898539'
[352882]: 441ms SPX_DBG_TRACE_FUNCTION:  synthesis_result.cpp:25 CSpxSynthesisResult::CSpxSynthesisResult
[352882]: 441ms SPX_DBG_TRACE_VERBOSE:  resource_manager.cpp:133 Created 'CSpxSynthesisResult' as '3874248'
[352882]: 441ms SPX_DBG_TRACE_VERBOSE:  named_properties.h:479 ISpxPropertyBagImpl::SetStringValue: this=0x00000279CC1BE368; name='RESULT-SynthesisBackend'; value='online (websocket)'
[352882]: 441ms SPX_DBG_TRACE_VERBOSE:  pull_audio_output_stream.cpp:26 CSpxPullAudioOutputStream::Write buffer 00000279CC1EA437 size=20708
[352882]: 441ms SPX_DBG_TRACE_VERBOSE:  audio_data_stream.cpp:151 CSpxAudioDataStream::CSpxAudioDataStream::Write buffer 00000279CC1EA437 size=20708
[235105]: 441ms SPX_DBG_TRACE_SCOPE_ENTER:  synthesizer.cpp:1194 DispatchEvent task started...
[235105]: 441ms SPX_DBG_TRACE_VERBOSE:  synthesizer.cpp:569 [00000279C9F585E0]CSpxSynthesizer::CSpxSynthesizer::FireResultEvent
[235105]: 441ms SPX_DBG_TRACE_VERBOSE:  resource_manager.cpp:133 Created 'CSpxSynthesisEventArgs' as '657912386'
[235105]: 441ms SPX_DBG_TRACE_VERBOSE:  handle_table.h:111 CSpxHandleTable::TrackHandle p=0x00000279CBCCD940
[235105]: 441ms SPX_DBG_TRACE_VERBOSE:  handle_table.h:121 CSpxHandleTable::TrackHandle class=ISpxSynthesisEventArgs, h=0x00000279CBCCD940, p=0x00000279CBCCD940, tot=1
[235105]: 442ms SPX_DBG_TRACE_VERBOSE:  handle_table.h:111 CSpxHandleTable::TrackHandle p=0x00000279CBCCB310
[235105]: 442ms SPX_DBG_TRACE_VERBOSE:  handle_table.h:121 CSpxHandleTable::TrackHandle class=ISpxSynthesisResult, h=0x00000279CBCCB310, p=0x00000279CBCCB310, tot=1
[235105]: 442ms SPX_DBG_TRACE_VERBOSE:  handle_table.h:111 CSpxHandleTable::TrackHandle p=0x00000279CBCCB330
[235105]: 442ms SPX_DBG_TRACE_VERBOSE:  handle_table.h:121 CSpxHandleTable::TrackHandle class=ISpxNamedProperties, h=0x00000279CBCCB330, p=0x00000279CBCCB330, tot=4
[352882]: 442ms SPX_DBG_TRACE_VERBOSE:  pull_audio_output_stream.cpp:89 CSpxPullAudioOutputStream::AvailableSize: current available size: 20708
[235105]: 442ms SPX_TRACE_VERBOSE interop_factory.cs:84 Dispose(True) called for 279cbccd940
[235105]: 442ms SPX_DBG_TRACE_VERBOSE:  handle_table.h:180 CSpxHandleTable::StopTracking(h) h=0x00000279CBCCD940
[235105]: 442ms SPX_DBG_TRACE_VERBOSE:  handle_table.h:195 CSpxHandleTable::StopTracking(h) class=ISpxSynthesisEventArgs, h=0x00000279CBCCD940, p=0x00000279CBCCD940, tot=0
[235105]: 442ms SPX_TRACE_VERBOSE interop_factory.cs:84 Dispose(True) called for 279cbccb330
[235105]: 442ms SPX_DBG_TRACE_VERBOSE:  handle_table.h:180 CSpxHandleTable::StopTracking(h) h=0x00000279CBCCB330
[235105]: 442ms SPX_DBG_TRACE_VERBOSE:  handle_table.h:195 CSpxHandleTable::StopTracking(h) class=ISpxNamedProperties, h=0x00000279CBCCB330, p=0x00000279CBCCB330, tot=3
[235105]: 442ms SPX_TRACE_VERBOSE interop_factory.cs:84 Dispose(True) called for 279cbccb310
[235105]: 442ms SPX_DBG_TRACE_VERBOSE:  handle_table.h:180 CSpxHandleTable::StopTracking(h) h=0x00000279CBCCB310
[235105]: 442ms SPX_DBG_TRACE_VERBOSE:  handle_table.h:195 CSpxHandleTable::StopTracking(h) class=ISpxSynthesisResult, h=0x00000279CBCCB310, p=0x00000279CBCCB310, tot=0
[235105]: 442ms SPX_DBG_TRACE_SCOPE_EXIT:  synthesizer.cpp:1194 DispatchEvent task complete!
[235105]: 442ms SPX_DBG_TRACE_FUNCTION:  synthesis_result.cpp:30 CSpxSynthesisResult::~CSpxSynthesisResult
[352882]: 471ms SPX_TRACE_VERBOSE:  usp_web_socket.cpp:209 USP message received. IsBinary=1, Path=audio, Size=21971 B, Time=2024-08-27T17:49:12.2105706Z
[352882]: 471ms SPX_TRACE_INFO:  usp_connection.cpp:1008 Response Message: content type: audio/basic.
[352882]: 471ms SPX_TRACE_INFO:  usp_connection.cpp:1028 TS:445 Response Message: path: audio, size: 21840.
[352882]: 471ms SPX_DBG_TRACE_FUNCTION:  synthesis_result.cpp:25 CSpxSynthesisResult::CSpxSynthesisResult
[352882]: 471ms SPX_DBG_TRACE_VERBOSE:  resource_manager.cpp:133 Created 'CSpxSynthesisResult' as '3874248'
[352882]: 471ms SPX_DBG_TRACE_VERBOSE:  named_properties.h:479 ISpxNamedProperties::GetStringValue: this=0x00000279CBCCB330; name='RESULT-SynthesisBackend'; value='online (websocket)'
[352882]: 471ms SPX_DBG_TRACE_VERBOSE:  pull_audio_output_stream.cpp:89 CSpxPullAudioOutputStream::AvailableSize: current available size: 20708
[352882]: 471ms SPX_DBG_TRACE_VERBOSE:  pull_audio_output_stream.cpp:26 CSpxPullAudioOutputStream::Write buffer 00000279CC2122F7 size=21840
[352882]: 471ms SPX_DBG_TRACE_VERBOSE:  audio_data_stream.cpp:151 CSpxAudioDataStream::CSpxAudioDataStream::Write buffer 00000279CC2122F7 size=21840
[235105]: 471ms SPX_DBG_TRACE_SCOPE_ENTER:  synthesizer.cpp:1194 DispatchEvent task started...
[235105]: 471ms SPX_DBG_TRACE_VERBOSE:  synthesizer.cpp:569 [00000279C9F585E0]CSpxSynthesizer::CSpxSynthesizer::FireResultEvent
[235105]: 471ms SPX_DBG_TRACE_VERBOSE:  resource_manager.cpp:133 Created 'CSpxSynthesisEventArgs' as '657912386'
[235105]: 471ms SPX_DBG_TRACE_VERBOSE:  handle_table.h:111 CSpxHandleTable::TrackHandle p=0x00000279CBCCE720
[235105]: 471ms SPX_DBG_TRACE_VERBOSE:  handle_table.h:121 CSpxHandleTable::TrackHandle class=ISpxSynthesisEventArgs, h=0x00000279CBCCE720, p=0x00000279CBCCE720, tot=1
[235105]: 471ms SPX_DBG_TRACE_VERBOSE:  handle_table.h:111 CSpxHandleTable::TrackHandle p=0x00000279CBCCB310
[235105]: 471ms SPX_DBG_TRACE_VERBOSE:  handle_table.h:121 CSpxHandleTable::TrackHandle class=ISpxSynthesisResult, h=0x00000279CBCCB310, p=0x00000279CBCCB310, tot=1
[352882]: 471ms SPX_TRACE_VERBOSE:  usp_web_socket.cpp:209 USP message received. IsBinary=1, Path=audio, Size=1983 B, Time=2024-08-27T17:49:12.2108357Z
[352882]: 471ms SPX_TRACE_INFO:  usp_connection.cpp:1008 Response Message: content type: audio/basic.
[352882]: 471ms SPX_TRACE_INFO:  usp_connection.cpp:1028 TS:445 Response Message: path: audio, size: 1852.
[235105]: 471ms SPX_DBG_TRACE_VERBOSE:  handle_table.h:111 CSpxHandleTable::TrackHandle p=0x00000279CBCCB330
[352882]: 471ms SPX_DBG_TRACE_FUNCTION:  synthesis_result.cpp:25 CSpxSynthesisResult::CSpxSynthesisResult
[235105]: 471ms SPX_DBG_TRACE_VERBOSE:  handle_table.h:121 CSpxHandleTable::TrackHandle class=ISpxNamedProperties, h=0x00000279CBCCB330, p=0x00000279CBCCB330, tot=4
[352882]: 471ms SPX_DBG_TRACE_VERBOSE:  resource_manager.cpp:133 Created 'CSpxSynthesisResult' as '3874248'
[352882]: 471ms SPX_DBG_TRACE_VERBOSE:  named_properties.h:479 ISpxNamedProperties::GetStringValue: this=0x00000279CC2116F0; name='RESULT-SynthesisBackend'; value='online (websocket)'
[352882]: 471ms SPX_DBG_TRACE_VERBOSE:  pull_audio_output_stream.cpp:89 CSpxPullAudioOutputStream::AvailableSize: current available size: 42548
[352882]: 471ms SPX_DBG_TRACE_VERBOSE:  pull_audio_output_stream.cpp:26 CSpxPullAudioOutputStream::Write buffer 00000279CC2122F7 size=1852
[352882]: 471ms SPX_DBG_TRACE_VERBOSE:  audio_data_stream.cpp:151 CSpxAudioDataStream::CSpxAudioDataStream::Write buffer 00000279CC2122F7 size=1852
[235105]: 471ms SPX_TRACE_VERBOSE interop_factory.cs:84 Dispose(True) called for 279cbcce720
[235105]: 471ms SPX_DBG_TRACE_VERBOSE:  handle_table.h:180 CSpxHandleTable::StopTracking(h) h=0x00000279CBCCE720
[352882]: 471ms SPX_TRACE_VERBOSE:  usp_web_socket.cpp:209 USP message received. IsBinary=1, Path=audio, Size=105 B, Time=2024-08-27T17:49:12.2109987Z
[235105]: 471ms SPX_DBG_TRACE_VERBOSE:  handle_table.h:195 CSpxHandleTable::StopTracking(h) class=ISpxSynthesisEventArgs, h=0x00000279CBCCE720, p=0x00000279CBCCE720, tot=0
[352882]: 472ms SPX_TRACE_INFO:  usp_connection.cpp:1028 TS:446 Response Message: path: audio, size: 0.
[235105]: 472ms SPX_TRACE_VERBOSE interop_factory.cs:84 Dispose(True) called for 279cbccb330
[235105]: 472ms SPX_DBG_TRACE_VERBOSE:  handle_table.h:180 CSpxHandleTable::StopTracking(h) h=0x00000279CBCCB330
[352882]: 472ms SPX_TRACE_VERBOSE:  usp_web_socket.cpp:209 USP message received. IsBinary=0, Path=turn.end, Size=111 B, Time=2024-08-27T17:49:12.2111179Z
[235105]: 472ms SPX_DBG_TRACE_VERBOSE:  handle_table.h:195 CSpxHandleTable::StopTracking(h) class=ISpxNamedProperties, h=0x00000279CBCCB330, p=0x00000279CBCCB330, tot=3
[352882]: 472ms SPX_TRACE_INFO:  usp_connection.cpp:1008 Response Message: content type: application/json; charset=utf-8.
[235105]: 472ms SPX_TRACE_VERBOSE interop_factory.cs:84 Dispose(True) called for 279cbccb310
[352882]: 472ms SPX_TRACE_INFO:  usp_connection.cpp:1028 TS:446 Response Message: path: turn.end, size: 2.
[235105]: 472ms SPX_DBG_TRACE_VERBOSE:  handle_table.h:180 CSpxHandleTable::StopTracking(h) h=0x00000279CBCCB310
[235105]: 472ms SPX_DBG_TRACE_VERBOSE:  handle_table.h:195 CSpxHandleTable::StopTracking(h) class=ISpxSynthesisResult, h=0x00000279CBCCB310, p=0x00000279CBCCB310, tot=0
[352882]: 472ms SPX_DBG_TRACE_VERBOSE:  usp_connection.cpp:1095 Got turn end, clear m_streamIdLangMap.
[235105]: 472ms SPX_DBG_TRACE_SCOPE_EXIT:  synthesizer.cpp:1194 DispatchEvent task complete!
[235105]: 472ms SPX_DBG_TRACE_FUNCTION:  synthesis_result.cpp:30 CSpxSynthesisResult::~CSpxSynthesisResult
[235105]: 472ms SPX_DBG_TRACE_SCOPE_ENTER:  synthesizer.cpp:1194 DispatchEvent task started...
[235105]: 472ms SPX_DBG_TRACE_VERBOSE:  synthesizer.cpp:569 [00000279C9F585E0]CSpxSynthesizer::CSpxSynthesizer::FireResultEvent
[352882]: 472ms SPX_TRACE_INFO:  usp_metrics.cpp:430 Microsoft::CognitiveServices::Speech::USP::CSpxTelemetry::SendSerializedTelemetry: Send telemetry (requestId:148d7d10d0014e80bbc723d20460c3e2): {"Metrics":[{"End":"2024-08-27T17:49:12.031Z","Id":"c301659f45ba44ae86acc0afe367eda4","Name":"Connection","Start":"2024-08-27T17:49:11.766Z"},{"DeviceId":["c92ed6e5-71b4-46b8-a986-e526e5a0810f"],"Name":"device"}]}
[235105]: 472ms SPX_DBG_TRACE_VERBOSE:  resource_manager.cpp:133 Created 'CSpxSynthesisEventArgs' as '657912386'
[235105]: 472ms SPX_DBG_TRACE_VERBOSE:  handle_table.h:111 CSpxHandleTable::TrackHandle p=0x00000279CBCCE720
[235105]: 472ms SPX_DBG_TRACE_VERBOSE:  handle_table.h:121 CSpxHandleTable::TrackHandle class=ISpxSynthesisEventArgs, h=0x00000279CBCCE720, p=0x00000279CBCCE720, tot=1
[235105]: 472ms SPX_DBG_TRACE_VERBOSE:  handle_table.h:111 CSpxHandleTable::TrackHandle p=0x00000279CC2116D0
[235105]: 472ms SPX_DBG_TRACE_VERBOSE:  handle_table.h:121 CSpxHandleTable::TrackHandle class=ISpxSynthesisResult, h=0x00000279CC2116D0, p=0x00000279CC2116D0, tot=1
[352882]: 472ms SPX_TRACE_INFO:  usp_metrics.cpp:430 Microsoft::CognitiveServices::Speech::USP::CSpxTelemetry::SendSerializedTelemetry: Send telemetry (requestId:148d7d10d0014e80bbc723d20460c3e2): {"ReceivedMessages":[{"turn.start":["2024-08-27T17:49:12.075Z"]},{"turn.end":["2024-08-27T17:49:12.210Z"]},{"audio":["2024-08-27T17:49:12.180Z","2024-08-27T17:49:12.210Z","2024-08-27T17:49:12.210Z","2024-08-27T17:49:12.210Z"]},{"audio.metadata":["2024-08-27T17:49:12.150Z"]},{"response":["2024-08-27T17:49:12.090Z"]}]}
[235105]: 472ms SPX_DBG_TRACE_VERBOSE:  handle_table.h:111 CSpxHandleTable::TrackHandle p=0x00000279CC2116F0
[235105]: 472ms SPX_DBG_TRACE_VERBOSE:  handle_table.h:121 CSpxHandleTable::TrackHandle class=ISpxNamedProperties, h=0x00000279CC2116F0, p=0x00000279CC2116F0, tot=4
[352882]: 472ms SPX_TRACE_INFO:  thread_service.cpp:96 Started thread User with ID [244855ll]
[352882]: 472ms SPX_TRACE_INFO:  thread_service.cpp:96 Started thread Background with ID [578378ll]
[235105]: 472ms SPX_TRACE_VERBOSE interop_factory.cs:84 Dispose(True) called for 279cbcce720
[352882]: 472ms SPX_TRACE_INFO:  thread_service.cpp:96 Started thread Media with ID [722789ll]
[235105]: 472ms SPX_DBG_TRACE_VERBOSE:  handle_table.h:180 CSpxHandleTable::StopTracking(h) h=0x00000279CBCCE720
[235105]: 472ms SPX_DBG_TRACE_VERBOSE:  handle_table.h:195 CSpxHandleTable::StopTracking(h) class=ISpxSynthesisEventArgs, h=0x00000279CBCCE720, p=0x00000279CBCCE720, tot=0
[235105]: 472ms SPX_TRACE_VERBOSE interop_factory.cs:84 Dispose(True) called for 279cc2116f0
[725464]: 472ms SPX_TRACE_INFO:  usp_tts_engine_adapter.cpp:362 CSpxUspTtsEngineAdapter::SpeakInternal: synthesis completed. request id: 148d7d10d0014e80bbc723d20460c3e2.
[235105]: 472ms SPX_DBG_TRACE_VERBOSE:  handle_table.h:180 CSpxHandleTable::StopTracking(h) h=0x00000279CC2116F0
[244855]: 472ms SPX_DBG_TRACE_VERBOSE:  synthesizer.cpp:1174 Word boundary events are all dispatched.
[352882]: 472ms SPX_TRACE_VERBOSE:  web_socket.cpp:540 [0x00000279CC1C3B00] Web socket sending message. Time: 2024-08-27T17:49:12.2114055Z, TimeInQueue: 0ms, IsBinary: 0, Path: telemetry, Size:363 B
[235105]: 472ms SPX_DBG_TRACE_VERBOSE:  handle_table.h:195 CSpxHandleTable::StopTracking(h) class=ISpxNamedProperties, h=0x00000279CC2116F0, p=0x00000279CC2116F0, tot=3
[725464]: 472ms SPX_DBG_TRACE_FUNCTION:  synthesis_request.cpp:32 CSpxSynthesisRequest::~CSpxSynthesisRequest
[235105]: 472ms SPX_TRACE_VERBOSE interop_factory.cs:84 Dispose(True) called for 279cc2116d0
[725464]: 472ms SPX_DBG_TRACE_VERBOSE:  pull_audio_output_stream.cpp:166 Signal End of Writing is called
[235105]: 472ms SPX_DBG_TRACE_VERBOSE:  handle_table.h:180 CSpxHandleTable::StopTracking(h) h=0x00000279CC2116D0
[725464]: 472ms SPX_DBG_TRACE_VERBOSE:  pull_audio_output_stream.cpp:89 CSpxPullAudioOutputStream::AvailableSize: current available size: 44400
[235105]: 472ms SPX_DBG_TRACE_VERBOSE:  handle_table.h:195 CSpxHandleTable::StopTracking(h) class=ISpxSynthesisResult, h=0x00000279CC2116D0, p=0x00000279CC2116D0, tot=0
[725464]: 472ms SPX_DBG_TRACE_VERBOSE:  pull_audio_output_stream.cpp:89 CSpxPullAudioOutputStream::AvailableSize: current available size: 44400
[235105]: 472ms SPX_DBG_TRACE_SCOPE_EXIT:  synthesizer.cpp:1194 DispatchEvent task complete!
[725464]: 472ms SPX_DBG_TRACE_VERBOSE:  pull_audio_output_stream.cpp:69 CSpxPullAudioOutputStream::Read: is called
[352882]: 472ms SPX_TRACE_VERBOSE:  web_socket.cpp:649 [0x00000279CC1C3B00] Web socket send message completed. Result: 0, SendTime: 0ms, IsBinary: 0, Path: telemetry, Size:363 B
[235105]: 472ms SPX_DBG_TRACE_FUNCTION:  synthesis_result.cpp:30 CSpxSynthesisResult::~CSpxSynthesisResult
[578378]: 472ms SPX_DBG_TRACE_VERBOSE:  synthesizer.cpp:1180 Viseme events are all dispatched.
[725464]: 472ms SPX_DBG_TRACE_VERBOSE:  pull_audio_output_stream.cpp:136 CSpxPullAudioOutputStream::Read: bytesRead=44400
[352882]: 472ms SPX_TRACE_VERBOSE:  web_socket.cpp:540 [0x00000279CC1C3B00] Web socket sending message. Time: 2024-08-27T17:49:12.2115283Z, TimeInQueue: 0ms, IsBinary: 0, Path: telemetry, Size:468 B
[725464]: 472ms SPX_TRACE_VERBOSE:  synthesizer.cpp:351 CSpxSynthesizer::ExecuteSynthesis: audio duration: 1387 ms.
[352882]: 472ms SPX_TRACE_VERBOSE:  web_socket.cpp:649 [0x00000279CC1C3B00] Web socket send message completed. Result: 0, SendTime: 0ms, IsBinary: 0, Path: telemetry, Size:468 B
[725464]: 472ms SPX_DBG_TRACE_VERBOSE:  named_properties.h:479 ISpxNamedProperties::GetStringValue: this=0x00000279CBCCBBD0; name='RESULT-SynthesisBackend'; value='online (websocket)'
[722789]: 472ms SPX_DBG_TRACE_VERBOSE:  synthesizer.cpp:1186 Bookmark events are all dispatched.
[725464]: 472ms SPX_DBG_TRACE_VERBOSE:  named_properties.h:479 ISpxPropertyBagImpl::SetStringValue: this=0x00000279CC1BE368; name='RESULT-SynthesisFirstByteLatencyMs'; value='415'
[725464]: 472ms SPX_DBG_TRACE_VERBOSE:  named_properties.h:479 ISpxPropertyBagImpl::SetStringValue: this=0x00000279CC1BE368; name='RESULT-SynthesisFinishLatencyMs'; value='446'
[725464]: 472ms SPX_DBG_TRACE_VERBOSE:  named_properties.h:479 ISpxPropertyBagImpl::SetStringValue: this=0x00000279CC1BE368; name='RESULT-SynthesisConnectionLatencyMs'; value='266'
[725464]: 472ms SPX_DBG_TRACE_VERBOSE:  named_properties.h:479 ISpxPropertyBagImpl::SetStringValue: this=0x00000279CC1BE368; name='RESULT-SynthesisNetworkLatencyMs'; value='45'
[725464]: 472ms SPX_DBG_TRACE_VERBOSE:  named_properties.h:479 ISpxPropertyBagImpl::SetStringValue: this=0x00000279CC1BE368; name='RESULT-SynthesisServiceLatencyMs'; value='104'
[725464]: 472ms SPX_DBG_TRACE_VERBOSE:  named_properties.h:479 ISpxPropertyBagImpl::SetStringValue: this=0x00000279CC1BE368; name='RESULT-SynthesisUnderrunTimeMs'; value='0'
[725464]: 472ms SPX_DBG_TRACE_VERBOSE:  pull_audio_output_stream.cpp:166 Signal End of Writing is called
[725464]: 472ms SPX_TRACE_INFO:  synthesizer.cpp:397 CSpxSynthesizer::ExecuteSynthesis: synthesis done, request id: 148d7d10d0014e80bbc723d20460c3e2; text: Locked; request hash: 
[725464]: 472ms SPX_DBG_TRACE_FUNCTION:  synthesis_result.cpp:30 CSpxSynthesisResult::~CSpxSynthesisResult
[235105]: 472ms SPX_DBG_TRACE_SCOPE_ENTER:  synthesizer.cpp:1194 DispatchEvent task started...
[725464]: 472ms SPX_DBG_TRACE_VERBOSE:  handle_table.h:111 CSpxHandleTable::TrackHandle p=0x00000279CBCCBBB0
[235105]: 472ms SPX_DBG_TRACE_VERBOSE:  synthesizer.cpp:569 [00000279C9F585E0]CSpxSynthesizer::CSpxSynthesizer::FireResultEvent
[725464]: 472ms SPX_DBG_TRACE_VERBOSE:  handle_table.h:121 CSpxHandleTable::TrackHandle class=ISpxSynthesisResult, h=0x00000279CBCCBBB0, p=0x00000279CBCCBBB0, tot=1
[235105]: 472ms SPX_TRACE_VERBOSE:  synthesizer.cpp:583 CSpxSynthesizer::FireResultEvent: Waiting for all metadata events triggered.
[235105]: 472ms SPX_DBG_TRACE_VERBOSE:  resource_manager.cpp:133 Created 'CSpxSynthesisEventArgs' as '657912386'
[235105]: 472ms SPX_DBG_TRACE_VERBOSE:  handle_table.h:111 CSpxHandleTable::TrackHandle p=0x00000279CC1B95D0
[235105]: 472ms SPX_DBG_TRACE_VERBOSE:  handle_table.h:121 CSpxHandleTable::TrackHandle class=ISpxSynthesisEventArgs, h=0x00000279CC1B95D0, p=0x00000279CC1B95D0, tot=1
[725464]: 472ms SPX_DBG_TRACE_VERBOSE:  handle_table.h:111 CSpxHandleTable::TrackHandle p=0x00000279CBCCBBD0
[725464]: 472ms SPX_DBG_TRACE_VERBOSE:  handle_table.h:121 CSpxHandleTable::TrackHandle class=ISpxNamedProperties, h=0x00000279CBCCBBD0, p=0x00000279CBCCBBD0, tot=4
[235105]: 472ms SPX_DBG_TRACE_VERBOSE:  handle_table.h:111 CSpxHandleTable::TrackHandle p=0x00000279CBCCBBB0
[235105]: 472ms SPX_DBG_TRACE_VERBOSE:  handle_table.h:121 CSpxHandleTable::TrackHandle class=ISpxSynthesisResult, h=0x00000279CBCCBBB0, p=0x00000279CBCCBBB0, tot=2
[235105]: 473ms SPX_DBG_TRACE_VERBOSE:  handle_table.h:111 CSpxHandleTable::TrackHandle p=0x00000279CBCCBBD0
[235105]: 473ms SPX_DBG_TRACE_VERBOSE:  handle_table.h:121 CSpxHandleTable::TrackHandle class=ISpxNamedProperties, h=0x00000279CBCCBBD0, p=0x00000279CBCCBBD0, tot=5
[235105]: 473ms SPX_TRACE_VERBOSE interop_factory.cs:84 Dispose(True) called for 279cc1b95d0
[235105]: 473ms SPX_DBG_TRACE_VERBOSE:  handle_table.h:180 CSpxHandleTable::StopTracking(h) h=0x00000279CC1B95D0
[235105]: 473ms SPX_DBG_TRACE_VERBOSE:  handle_table.h:195 CSpxHandleTable::StopTracking(h) class=ISpxSynthesisEventArgs, h=0x00000279CC1B95D0, p=0x00000279CC1B95D0, tot=0
[235105]: 473ms SPX_TRACE_VERBOSE interop_factory.cs:84 Dispose(True) called for 279cbccbbd0
[235105]: 473ms SPX_DBG_TRACE_VERBOSE:  handle_table.h:180 CSpxHandleTable::StopTracking(h) h=0x00000279CBCCBBD0
[235105]: 473ms SPX_DBG_TRACE_VERBOSE:  handle_table.h:195 CSpxHandleTable::StopTracking(h) class=ISpxNamedProperties, h=0x00000279CBCCBBD0, p=0x00000279CBCCBBD0, tot=4
[235105]: 473ms SPX_TRACE_VERBOSE interop_factory.cs:84 Dispose(True) called for 279cbccbbb0
[235105]: 473ms SPX_DBG_TRACE_VERBOSE:  handle_table.h:180 CSpxHandleTable::StopTracking(h) h=0x00000279CBCCBBB0
[235105]: 473ms SPX_DBG_TRACE_VERBOSE:  handle_table.h:195 CSpxHandleTable::StopTracking(h) class=ISpxSynthesisResult, h=0x00000279CBCCBBB0, p=0x00000279CBCCBBB0, tot=1
[235105]: 473ms SPX_DBG_TRACE_SCOPE_EXIT:  synthesizer.cpp:1194 DispatchEvent task complete!
[232554]: 694ms SPX_TRACE_VERBOSE interop_factory.cs:84 Dispose(True) called for 279c9f58a48
[232554]: 694ms SPX_DBG_TRACE_VERBOSE:  handle_table.h:180 CSpxHandleTable::StopTracking(h) h=0x00000279C9F58A48
[232554]: 694ms SPX_DBG_TRACE_VERBOSE:  handle_table.h:195 CSpxHandleTable::StopTracking(h) class=ISpxNamedProperties, h=0x00000279C9F58A48, p=0x00000279C9F58A48, tot=3
[232554]: 694ms SPX_TRACE_VERBOSE interop_factory.cs:84 Dispose(True) called for 279c9f58618
[232554]: 694ms SPX_DBG_TRACE_FUNCTION:  synthesizer.cpp:493 CSpxSynthesizer::SetDisposing
[232554]: 694ms SPX_DBG_TRACE_VERBOSE:  handle_table.h:180 CSpxHandleTable::StopTracking(h) h=0x00000279C9F58618
[232554]: 694ms SPX_DBG_TRACE_VERBOSE:  handle_table.h:195 CSpxHandleTable::StopTracking(h) class=ISpxSynthesizer, h=0x00000279C9F58618, p=0x00000279C9F58618, tot=0
[232554]: 694ms SPX_DBG_TRACE_SCOPE_ENTER:  synthesizer.cpp:42 CSpxSynthesizer::~CSpxSynthesizer
[232554]: 694ms SPX_DBG_TRACE_VERBOSE:  create_object_helpers.h:78 SpxTerm: ptr=0x00000279C9F59038
[232554]: 694ms SPX_DBG_TRACE_SCOPE_ENTER:  usp_tts_engine_adapter.cpp:88 CSpxUspTtsEngineAdapter::Term
[232554]: 694ms SPX_DBG_TRACE_VERBOSE:  create_object_helpers.h:78 SpxTerm: ptr=0x00000279CBD9C328
[232554]: 694ms SPX_DBG_TRACE_SCOPE_ENTER:  usp_connection.cpp:146 Microsoft::CognitiveServices::Speech::USP::CSpxUspConnection::~CSpxUspConnection
[232554]: 694ms SPX_DBG_TRACE_SCOPE_EXIT:  usp_connection.cpp:146 Microsoft::CognitiveServices::Speech::USP::CSpxUspConnection::~CSpxUspConnection
[232554]: 694ms SPX_DBG_TRACE_SCOPE_ENTER:  web_socket.cpp:221 CSpxWebSocket::~CSpxWebSocket
[232554]: 694ms SPX_TRACE_INFO:  web_socket.cpp:421 [00000279CC1C3B00] Web socket upload rate this period was is 3.8820 KB/s
[232554]: 694ms SPX_TRACE_INFO:  web_socket.cpp:425 CSpxWebSocket::Disconnect: start the close handshake.
[232554]: 694ms SPX_TRACE_SCOPE_ENTER:  uws_web_socket.cpp:165 WebSocketAdapter::UwsWebSocket::Close
[278927]: 732ms SPX_TRACE_INFO: AZ_LOG_INFO:  uws_client.c:1496 on_underlying_io_bytes_received: Close frame received
[278927]: 732ms SPX_TRACE_INFO: AZ_LOG_INFO:  uws_client.c:1574 on_underlying_io_bytes_received: closing underlying io.
[278927]: 732ms SPX_TRACE_INFO: AZ_LOG_INFO:  uws_client.c:939 on_underlying_io_close_complete: uws_state: 6.
[278927]: 732ms SPX_TRACE_SCOPE_ENTER:  uws_web_socket.cpp:283 WebSocketAdapter::UwsWebSocket::OnWebSocketClosed
[278927]: 732ms SPX_TRACE_INFO:  web_socket.cpp:1013 CSpxWebSocket::OnWebSocketClosed: context=00000279CC1C3B00
[278927]: 732ms SPX_TRACE_SCOPE_EXIT:  uws_web_socket.cpp:283 WebSocketAdapter::UwsWebSocket::OnWebSocketClosed
[232554]: 747ms SPX_TRACE_SCOPE_EXIT:  uws_web_socket.cpp:165 WebSocketAdapter::UwsWebSocket::Close
[232554]: 747ms SPX_TRACE_INFO:  web_socket.cpp:427 CSpxWebSocket::Disconnect: isOpen: false
[232554]: 747ms SPX_TRACE_INFO:  web_socket.cpp:430 CSpxWebSocket::Disconnect: destroying uwsclient.
[232554]: 747ms SPX_TRACE_SCOPE_ENTER:  uws_web_socket.cpp:36 WebSocketAdapter::UwsWebSocket::~UwsWebSocket
[232554]: 747ms SPX_TRACE_SCOPE_EXIT:  uws_web_socket.cpp:36 WebSocketAdapter::UwsWebSocket::~UwsWebSocket
[232554]: 747ms SPX_DBG_TRACE_SCOPE_EXIT:  web_socket.cpp:221 CSpxWebSocket::~CSpxWebSocket
[232554]: 747ms SPX_DBG_TRACE_SCOPE_EXIT:  usp_tts_engine_adapter.cpp:88 CSpxUspTtsEngineAdapter::Term
[232554]: 747ms SPX_DBG_TRACE_VERBOSE:  usp_tts_engine_adapter.cpp:67 CSpxUspTtsEngineAdapter::~CSpxUspTtsEngineAdapter: this=0x00000279C9F58FE0
[232554]: 747ms SPX_DBG_TRACE_VERBOSE:  create_object_helpers.h:78 SpxTerm: ptr=0x00000279A7E7B248
[232554]: 747ms SPX_DBG_TRACE_SCOPE_ENTER:  thread_service.cpp:45 CSpxThreadService::Term
[232554]: 747ms SPX_DBG_TRACE_SCOPE_EXIT:  thread_service.cpp:45 CSpxThreadService::Term
[232554]: 747ms SPX_DBG_TRACE_VERBOSE:  create_object_helpers.h:78 SpxTerm: ptr=0x00000279CBCC8A28
[232554]: 747ms SPX_DBG_TRACE_SCOPE_EXIT:  synthesizer.cpp:42 CSpxSynthesizer::~CSpxSynthesizer
[232554]: 748ms SPX_DBG_TRACE_SCOPE_ENTER:  thread_service.cpp:45 CSpxThreadService::Term
[232554]: 748ms SPX_DBG_TRACE_SCOPE_EXIT:  thread_service.cpp:45 CSpxThreadService::Term
[232554]: 748ms SPX_DBG_TRACE_SCOPE_ENTER:  thread_service.cpp:45 CSpxThreadService::Term
[232554]: 748ms SPX_DBG_TRACE_SCOPE_EXIT:  thread_service.cpp:45 CSpxThreadService::Term
[232554]: 748ms SPX_TRACE_VERBOSE interop_factory.cs:84 Dispose(True) called for 279cbce1eb8
[232554]: 748ms SPX_DBG_TRACE_VERBOSE:  handle_table.h:180 CSpxHandleTable::StopTracking(h) h=0x00000279CBCE1EB8
[232554]: 748ms SPX_DBG_TRACE_VERBOSE:  handle_table.h:195 CSpxHandleTable::StopTracking(h) class=ISpxNamedProperties, h=0x00000279CBCE1EB8, p=0x00000279CBCE1EB8, tot=2
[232554]: 749ms SPX_DBG_TRACE_FUNCTION:  memory_logger.cpp:130 MemoryLogger::Exit
[232554]: 750ms SPX_DBG_TRACE_FUNCTION:  resource_manager.cpp:103 CSpxResourceManager::~CSpxResourceManager
