[330065]: 9ms SPX_DBG_TRACE_VERBOSE:  resource_manager.cpp:133 Created 'CSpxThreadService' as '303073113'
[330065]: 10ms SPX_DBG_TRACE_VERBOSE:  resource_manager.cpp:133 Created 'CSpxThreadService' as '303073113'
[330065]: 10ms SPX_DBG_TRACE_VERBOSE:  usp_tts_engine_adapter.cpp:62 CSpxUspTtsEngineAdapter::CSpxUspTtsEngineAdapter
[330065]: 10ms SPX_DBG_TRACE_VERBOSE:  resource_manager.cpp:133 Created 'CSpxUspTtsEngineAdapter' as '919101823'
[330065]: 11ms SPX_DBG_TRACE_VERBOSE:  resource_manager.cpp:133 Created 'CSpxWavFileWriter' as '558221231'
[330065]: 11ms SPX_DBG_TRACE_VERBOSE:  null_audio_output.h:93 CSpxNullAudioOutput::SetFormat is called with format 0x0000024E52B26750
[330065]: 12ms SPX_DBG_TRACE_VERBOSE:  cloud_tts_engine_adapter.cpp:134 CSpxCloudTtsEngineAdapter::SetOutput
[330065]: 12ms SPX_TRACE_INFO:  cloud_tts_engine_adapter.cpp:212 CSpxCloudTtsEngineAdapter::SetOutput: request format [riff-16khz-16bit-mono-pcm] has header, using raw format instead for streaming.
[330065]: 12ms SPX_DBG_TRACE_VERBOSE:  handle_table.h:111 CSpxHandleTable::TrackHandle p=0x0000024E52B60468
[330065]: 12ms SPX_DBG_TRACE_VERBOSE:  handle_table.h:121 CSpxHandleTable::TrackHandle class=ISpxSynthesizer, h=0x0000024E52B60468, p=0x0000024E52B60468, tot=1
[330065]: 12ms SPX_DBG_TRACE_SCOPE_EXIT:  speechapi_c_factory.cpp:548 synthesizer_create_speech_synthesizer_from_config
[330065]: 13ms SPX_DBG_TRACE_VERBOSE:  handle_table.h:111 CSpxHandleTable::TrackHandle p=0x0000024E52B60898
[330065]: 13ms SPX_DBG_TRACE_VERBOSE:  handle_table.h:121 CSpxHandleTable::TrackHandle class=ISpxNamedProperties, h=0x0000024E52B60898, p=0x0000024E52B60898, tot=3
[992804]: 16ms SPX_DBG_TRACE_VERBOSE:  resource_manager.cpp:133 Created 'CSpxAudioDataStream' as '418301898'
[992804]: 16ms SPX_DBG_TRACE_VERBOSE:  null_audio_output.h:93 CSpxNullAudioOutput::SetFormat is called with format 0x0000024E52B26750
[992804]: 16ms SPX_DBG_TRACE_FUNCTION:  synthesis_result.cpp:25 CSpxSynthesisResult::CSpxSynthesisResult
[992804]: 16ms SPX_DBG_TRACE_VERBOSE:  resource_manager.cpp:133 Created 'CSpxSynthesisResult' as '3874248'
[992804]: 16ms SPX_TRACE_INFO:  thread_service.cpp:96 Started thread User with ID [854263ll]
[992804]: 16ms SPX_TRACE_VERBOSE:  synthesizer.cpp:217 CSpxSynthesizer::ExecuteSynthesis: synthesis started, request id: cf974c02bcf546d2afcad6648ffacafd; text: Locked
[992804]: 16ms SPX_DBG_TRACE_VERBOSE:  synthesizer_timeout_management.cpp:32 SynthesisTimeoutManagement::SetTimeoutValues: RTF set to 2.00; frame timeout interval set to 3000 ms.
[992804]: 16ms SPX_DBG_TRACE_FUNCTION:  synthesis_request.cpp:27 CSpxSynthesisRequest::CSpxSynthesisRequest
[992804]: 16ms SPX_DBG_TRACE_VERBOSE:  resource_manager.cpp:133 Created 'CSpxSynthesisRequest' as '211460561'
[992804]: 16ms SPX_DBG_TRACE_FUNCTION:  synthesis_request.cpp:37 CSpxSynthesisRequest::Init
[992804]: 16ms SPX_DBG_TRACE_VERBOSE:  usp_tts_engine_adapter.cpp:102 CSpxUspTtsEngineAdapter::Speak
[992804]: 16ms SPX_DBG_TRACE_VERBOSE:  usp_tts_engine_adapter.cpp:120 CSpxUspTtsEngineAdapter::Speak: start to send synthesis request, request id : cf974c02bcf546d2afcad6648ffacafd, try: 0
[992804]: 16ms SPX_DBG_TRACE_FUNCTION:  synthesis_request.cpp:94 CSpxSynthesisRequest::GetInputContent
[992804]: 16ms SPX_DBG_TRACE_VERBOSE:  named_properties.h:479 ISpxNamedProperties::GetStringValue: this=0x0000024E52B60898; name='SPEECH-SynthVoice'; value='en-US-ChristopherNeural'
[992804]: 16ms SPX_DBG_TRACE_FUNCTION:  synthesis_result.cpp:25 CSpxSynthesisResult::CSpxSynthesisResult
[992804]: 16ms SPX_DBG_TRACE_VERBOSE:  resource_manager.cpp:133 Created 'CSpxSynthesisResult' as '3874248'
[992804]: 17ms SPX_DBG_TRACE_VERBOSE:  usp_tts_engine_adapter.cpp:223 SSML sent to TTS cognitive service: <speak version='1.0' xmlns='http://www.w3.org/2001/10/synthesis' xmlns:mstts='http://www.w3.org/2001/mstts' xmlns:emo='http://www.w3.org/2009/10/emotionml' xml:lang='en-US'><voice name='en-US-ChristopherNeural'>Locked</voice></speak>
[854263]: 16ms SPX_DBG_TRACE_SCOPE_ENTER:  synthesizer.cpp:1194 DispatchEvent task started...
[992804]: 17ms SPX_DBG_TRACE_VERBOSE:  usp_tts_engine_adapter.cpp:602 CSpxUspTtsEngineAdapter::UspInitialize: this=0x0000024E52F040D0
[854263]: 17ms SPX_DBG_TRACE_VERBOSE:  synthesizer.cpp:569 [0000024E52B60430]CSpxSynthesizer::CSpxSynthesizer::FireResultEvent
[854263]: 17ms SPX_DBG_TRACE_VERBOSE:  resource_manager.cpp:133 Created 'CSpxSynthesisEventArgs' as '657912386'
[992804]: 17ms SPX_DBG_TRACE_VERBOSE:  named_properties.h:479 ISpxNamedProperties::GetStringValue: this=0x0000024E52B60898; name='SPEECH-SubscriptionKey'; value='******************************04'
[854263]: 17ms SPX_DBG_TRACE_VERBOSE:  handle_table.h:111 CSpxHandleTable::TrackHandle p=0x0000024E52ACBAC0
[854263]: 17ms SPX_DBG_TRACE_VERBOSE:  handle_table.h:121 CSpxHandleTable::TrackHandle class=ISpxSynthesisEventArgs, h=0x0000024E52ACBAC0, p=0x0000024E52ACBAC0, tot=1
[992804]: 17ms SPX_DBG_TRACE_VERBOSE:  named_properties.h:479 ISpxNamedProperties::GetStringValue: this=0x0000024E52F04138; name='AZAC-SDK-PROGRAMMING-LANGUAGE'; value='C#'
[992804]: 17ms SPX_DBG_TRACE_VERBOSE:  named_properties.h:479 ISpxNamedProperties::GetStringValue: this=0x0000024E52F04138; name='SPEECH-UserDefinedQueryParameters'; value='traffictype=spx'
[992804]: 17ms SPX_DBG_TRACE_VERBOSE:  named_properties.h:479 ISpxPropertyBagImpl::SetStringValue: this=0x0000024E52F04138; name='HttpHeader#User-agent'; value='spx SpeechSDK-C#/1.40.0 Windows Client 8'
[992804]: 17ms SPX_DBG_TRACE_VERBOSE:  named_properties.h:479 ISpxNamedProperties::FindPrefix: this=0x0000024E52F04138; name='User-agent'; value='spx SpeechSDK-C#/1.40.0 Windows Client 8'
[992804]: 17ms SPX_DBG_TRACE_VERBOSE:  resource_manager.cpp:133 Created 'CSpxUspCallbackWrapper' as '710381509'
[992804]: 17ms SPX_DBG_TRACE_VERBOSE:  named_properties.h:479 ISpxNamedProperties::GetStringValue: this=0x0000024E52B60898; name='SPEECH-Region'; value='westeurope'
[992804]: 17ms SPX_DBG_TRACE_VERBOSE:  named_properties.h:479 ISpxNamedProperties::GetStringValue: this=0x0000024E52B60898; name='SPEECH-ProxyHostBypass'; value=''
[992804]: 17ms SPX_DBG_TRACE_VERBOSE:  resource_manager.cpp:133 Created 'CSpxUspConnection' as '792041254'
[992804]: 17ms SPX_TRACE_INFO:  usp_connection.cpp:485 Microsoft::CognitiveServices::Speech::USP::CSpxUspConnection::Connect: entering...
[992804]: 17ms SPX_TRACE_INFO:  usp_connection.cpp:502 Adding subscription key headers
[992804]: 17ms SPX_TRACE_INFO:  usp_connection.cpp:537 Set a user defined HTTP header 'User-agent':'spx SpeechSDK-C#/1.40.0 Windows Client 8'
[992804]: 17ms SPX_TRACE_INFO:  usp_connection.cpp:543 Set an underlying io option 'tcp_nodelay'
[992804]: 17ms SPX_TRACE_INFO:  usp_connection.cpp:552 connectionUrl=wss://westeurope.tts.speech.microsoft.com/cognitiveservices/websocket/v1
[992804]: 17ms SPX_DBG_TRACE_VERBOSE:  resource_manager.cpp:133 Created 'CSpxTelemetry' as '151041793'
[992804]: 17ms SPX_DBG_TRACE_SCOPE_ENTER:  web_socket.cpp:216 CSpxWebSocket::CSpxWebSocket
[992804]: 17ms SPX_DBG_TRACE_SCOPE_EXIT:  web_socket.cpp:216 CSpxWebSocket::CSpxWebSocket
[992804]: 17ms SPX_DBG_TRACE_VERBOSE:  resource_manager.cpp:133 Created 'CSpxWebSocket' as '482598724'
[992804]: 17ms SPX_TRACE_SCOPE_ENTER:  uws_web_socket.cpp:31 WebSocketAdapter::UwsWebSocket::UwsWebSocket
[992804]: 17ms SPX_TRACE_SCOPE_EXIT:  uws_web_socket.cpp:31 WebSocketAdapter::UwsWebSocket::UwsWebSocket
[992804]: 17ms SPX_TRACE_SCOPE_ENTER:  uws_web_socket.cpp:43 WebSocketAdapter::UwsWebSocket::Initialize
[992804]: 17ms SPX_TRACE_SCOPE_EXIT:  uws_web_socket.cpp:43 WebSocketAdapter::UwsWebSocket::Initialize
[992804]: 17ms SPX_TRACE_SCOPE_ENTER:  uws_web_socket.cpp:221 WebSocketAdapter::UwsWebSocket::SetRequestHeader
[992804]: 17ms SPX_TRACE_SCOPE_EXIT:  uws_web_socket.cpp:221 WebSocketAdapter::UwsWebSocket::SetRequestHeader
[992804]: 17ms SPX_TRACE_SCOPE_ENTER:  uws_web_socket.cpp:221 WebSocketAdapter::UwsWebSocket::SetRequestHeader
[992804]: 17ms SPX_TRACE_SCOPE_EXIT:  uws_web_socket.cpp:221 WebSocketAdapter::UwsWebSocket::SetRequestHeader
[992804]: 17ms SPX_TRACE_SCOPE_ENTER:  uws_web_socket.cpp:221 WebSocketAdapter::UwsWebSocket::SetRequestHeader
[992804]: 17ms SPX_TRACE_SCOPE_EXIT:  uws_web_socket.cpp:221 WebSocketAdapter::UwsWebSocket::SetRequestHeader
[854263]: 17ms SPX_DBG_TRACE_VERBOSE:  handle_table.h:111 CSpxHandleTable::TrackHandle p=0x0000024E52B619F0
[854263]: 17ms SPX_DBG_TRACE_VERBOSE:  handle_table.h:121 CSpxHandleTable::TrackHandle class=ISpxSynthesisResult, h=0x0000024E52B619F0, p=0x0000024E52B619F0, tot=1
[992804]: 17ms SPX_TRACE_INFO:  thread_service.cpp:96 Started thread Background with ID [54437ll]
[992804]: 17ms SPX_DBG_TRACE_VERBOSE:  named_properties.h:479 ISpxPropertyBagImpl::SetStringValue: this=0x0000024E52B60898; name='SPEECH-ConnectionUrl'; value='wss://westeurope.tts.speech.microsoft.com/cognitiveservices/websocket/v1'
[992804]: 17ms SPX_DBG_TRACE_VERBOSE:  usp_tts_engine_adapter.cpp:425 speech.config {"context":{"system":{"version":"1.40.0","name":"SpeechSDK","build":"Windows-x64"},"os":{"platform":"Windows","name":"Client","version":"8"}}}
[54437]: 17ms SPX_TRACE_INFO:  web_socket.cpp:800 CSpxWebSocket::DoWork: open transport.
[992804]: 17ms SPX_DBG_TRACE_VERBOSE:  usp_tts_engine_adapter.cpp:542 speech.config='{"context":{"system":{"version":"1.40.0","name":"SpeechSDK","build":"Windows-x64"},"os":{"platform":"Windows","name":"Client","version":"8"}}}'
[54437]: 17ms SPX_TRACE_INFO:  web_socket.cpp:479 Start to open websocket. WebSocket: 0x52f6f570, wsio handle: 0x52acb2f0
[54437]: 17ms SPX_TRACE_SCOPE_ENTER:  uws_web_socket.cpp:149 WebSocketAdapter::UwsWebSocket::Open
[992804]: 17ms SPX_DBG_TRACE_VERBOSE:  usp_tts_engine_adapter.cpp:542 synthesis.context='{"synthesis":{"audio":{"outputFormat":"raw-16khz-16bit-mono-pcm","metadataOptions":{"visemeEnabled":false,"bookmarkEnabled":false,"wordBoundaryEnabled":false,"punctuationBoundaryEnabled":false,"sentenceBoundaryEnabled":false,"sessionEndEnabled":true}},"language":{"autoDetection":false}}}'
[992804]: 17ms SPX_DBG_TRACE_FUNCTION:  synthesis_request.cpp:94 CSpxSynthesisRequest::GetInputContent
[992804]: 17ms SPX_DBG_TRACE_VERBOSE:  usp_tts_engine_adapter.cpp:507 ssml <speak version='1.0' xmlns='http://www.w3.org/2001/10/synthesis' xmlns:mstts='http://www.w3.org/2001/mstts' xmlns:emo='http://www.w3.org/2009/10/emotionml' xml:lang='en-US'><voice name='en-US-ChristopherNeural'>Locked</voice></speak>
[992804]: 17ms SPX_DBG_TRACE_VERBOSE:  usp_tts_engine_adapter.cpp:542 ssml='<speak version='1.0' xmlns='http://www.w3.org/2001/10/synthesis' xmlns:mstts='http://www.w3.org/2001/mstts' xmlns:emo='http://www.w3.org/2009/10/emotionml' xml:lang='en-US'><voice name='en-US-ChristopherNeural'>Locked</voice></speak>'
[854263]: 19ms SPX_DBG_TRACE_VERBOSE:  handle_table.h:111 CSpxHandleTable::TrackHandle p=0x0000024E52B61A10
[854263]: 19ms SPX_DBG_TRACE_VERBOSE:  handle_table.h:121 CSpxHandleTable::TrackHandle class=ISpxNamedProperties, h=0x0000024E52B61A10, p=0x0000024E52B61A10, tot=4
[854263]: 20ms SPX_TRACE_VERBOSE interop_factory.cs:84 Dispose(True) called for 24e52acbac0
[854263]: 20ms SPX_DBG_TRACE_VERBOSE:  handle_table.h:180 CSpxHandleTable::StopTracking(h) h=0x0000024E52ACBAC0
[854263]: 20ms SPX_DBG_TRACE_VERBOSE:  handle_table.h:195 CSpxHandleTable::StopTracking(h) class=ISpxSynthesisEventArgs, h=0x0000024E52ACBAC0, p=0x0000024E52ACBAC0, tot=0
[854263]: 20ms SPX_TRACE_VERBOSE interop_factory.cs:84 Dispose(True) called for 24e52b61a10
[854263]: 20ms SPX_DBG_TRACE_VERBOSE:  handle_table.h:180 CSpxHandleTable::StopTracking(h) h=0x0000024E52B61A10
[854263]: 20ms SPX_DBG_TRACE_VERBOSE:  handle_table.h:195 CSpxHandleTable::StopTracking(h) class=ISpxNamedProperties, h=0x0000024E52B61A10, p=0x0000024E52B61A10, tot=3
[854263]: 20ms SPX_TRACE_VERBOSE interop_factory.cs:84 Dispose(True) called for 24e52b619f0
[854263]: 20ms SPX_DBG_TRACE_VERBOSE:  handle_table.h:180 CSpxHandleTable::StopTracking(h) h=0x0000024E52B619F0
[854263]: 20ms SPX_DBG_TRACE_VERBOSE:  handle_table.h:195 CSpxHandleTable::StopTracking(h) class=ISpxSynthesisResult, h=0x0000024E52B619F0, p=0x0000024E52B619F0, tot=0
[854263]: 20ms SPX_DBG_TRACE_SCOPE_EXIT:  synthesizer.cpp:1194 DispatchEvent task complete!
[54437]: 147ms SPX_TRACE_SCOPE_EXIT:  uws_web_socket.cpp:149 WebSocketAdapter::UwsWebSocket::Open
[54437]: 147ms SPX_TRACE_INFO:  usp_connection.cpp:787 Create requestId  for messageType 0
[54437]: 292ms SPX_TRACE_SCOPE_ENTER:  uws_web_socket.cpp:247 WebSocketAdapter::UwsWebSocket::OnWebSocketOpened
[54437]: 292ms SPX_TRACE_INFO:  web_socket.cpp:880 Opening websocket completed. TransportRequest: 0x52f6f570, wsio handle: 0x52acb2f0, time: 2024-08-27T17:49:46.5852719Z
[54437]: 292ms SPX_TRACE_SCOPE_ENTER:  uws_web_socket.cpp:215 WebSocketAdapter::UwsWebSocket::SetOption
[54437]: 292ms SPX_TRACE_SCOPE_EXIT:  uws_web_socket.cpp:215 WebSocketAdapter::UwsWebSocket::SetOption
[54437]: 292ms SPX_TRACE_INFO:  usp_connection.cpp:902 TS:276, OnConnected: connection:0x2ea90eb0
[54437]: 292ms SPX_TRACE_SCOPE_EXIT:  uws_web_socket.cpp:247 WebSocketAdapter::UwsWebSocket::OnWebSocketOpened
[854263]: 292ms SPX_DBG_TRACE_SCOPE_ENTER:  synthesizer.cpp:1194 DispatchEvent task started...
[54437]: 292ms SPX_TRACE_VERBOSE:  web_socket.cpp:540 [0x0000024E52F6F570] Web socket sending message. Time: 2024-08-27T17:49:46.5853849Z, TimeInQueue: 144ms, IsBinary: 0, Path: speech.config, Size:204 B
[854263]: 292ms SPX_DBG_TRACE_SCOPE_ENTER:  synthesizer.cpp:658 CSpxSynthesizer::FireConnectionChanged
[854263]: 292ms SPX_DBG_TRACE_VERBOSE:  synthesizer.cpp:659 CSpxSynthesizer::FireConnectionChanged: Connected
[854263]: 292ms SPX_DBG_TRACE_VERBOSE:  resource_manager.cpp:133 Created 'CSpxConnectionEventArgs' as '189265475'
[854263]: 292ms SPX_DBG_TRACE_SCOPE_EXIT:  synthesizer.cpp:658 CSpxSynthesizer::FireConnectionChanged
[854263]: 292ms SPX_DBG_TRACE_SCOPE_EXIT:  synthesizer.cpp:1194 DispatchEvent task complete!
[54437]: 292ms SPX_TRACE_VERBOSE:  web_socket.cpp:649 [0x0000024E52F6F570] Web socket send message completed. Result: 0, SendTime: 0ms, IsBinary: 0, Path: speech.config, Size:204 B
[54437]: 292ms SPX_TRACE_VERBOSE:  web_socket.cpp:540 [0x0000024E52F6F570] Web socket sending message. Time: 2024-08-27T17:49:46.5854908Z, TimeInQueue: 145ms, IsBinary: 0, Path: synthesis.context, Size:400 B
[54437]: 292ms SPX_TRACE_VERBOSE:  web_socket.cpp:649 [0x0000024E52F6F570] Web socket send message completed. Result: 0, SendTime: 0ms, IsBinary: 0, Path: synthesis.context, Size:400 B
[54437]: 292ms SPX_TRACE_VERBOSE:  web_socket.cpp:540 [0x0000024E52F6F570] Web socket sending message. Time: 2024-08-27T17:49:46.5855513Z, TimeInQueue: 145ms, IsBinary: 0, Path: ssml, Size:367 B
[54437]: 293ms SPX_TRACE_VERBOSE:  web_socket.cpp:649 [0x0000024E52F6F570] Web socket send message completed. Result: 0, SendTime: 0ms, IsBinary: 0, Path: ssml, Size:367 B
[54437]: 352ms SPX_TRACE_VERBOSE:  usp_web_socket.cpp:209 USP message received. IsBinary=0, Path=turn.start, Size=186 B, Time=2024-08-27T17:49:46.6450182Z
[54437]: 352ms SPX_TRACE_INFO:  usp_connection.cpp:993 Service originated request received with requestId: cf974c02bcf546d2afcad6648ffacafd
[54437]: 352ms SPX_TRACE_INFO:  usp_connection.cpp:1008 Response Message: content type: application/json; charset=utf-8.
[54437]: 352ms SPX_TRACE_INFO:  usp_connection.cpp:1028 TS:336 Response Message: path: turn.start, size: 75.
[54437]: 352ms SPX_TRACE_VERBOSE:  usp_web_socket.cpp:209 USP message received. IsBinary=0, Path=response, Size=242 B, Time=2024-08-27T17:49:46.6452270Z
[54437]: 352ms SPX_TRACE_INFO:  usp_connection.cpp:1008 Response Message: content type: application/json; charset=utf-8.
[54437]: 352ms SPX_TRACE_INFO:  usp_connection.cpp:1028 TS:336 Response Message: path: response, size: 133.
[54437]: 412ms SPX_TRACE_VERBOSE:  usp_web_socket.cpp:209 USP message received. IsBinary=0, Path=audio.metadata, Size=229 B, Time=2024-08-27T17:49:46.7046427Z
[54437]: 412ms SPX_TRACE_INFO:  usp_connection.cpp:1008 Response Message: content type: application/json; charset=utf-8.
[54437]: 412ms SPX_TRACE_INFO:  usp_connection.cpp:1028 TS:395 Response Message: path: audio.metadata, size: 114.
[54437]: 412ms SPX_TRACE_VERBOSE:  usp_tts_engine_adapter.cpp:1011 Session end received, audio duration 13875000 ticks
[54437]: 441ms SPX_TRACE_VERBOSE:  usp_web_socket.cpp:209 USP message received. IsBinary=1, Path=audio, Size=20839 B, Time=2024-08-27T17:49:46.7344991Z
[54437]: 441ms SPX_TRACE_INFO:  usp_connection.cpp:1008 Response Message: content type: audio/basic.
[54437]: 441ms SPX_TRACE_INFO:  usp_connection.cpp:1028 TS:425 Response Message: path: audio, size: 20708.
[54437]: 442ms SPX_DBG_TRACE_VERBOSE:  resource_manager.cpp:133 Created 'CSpxPullAudioOutputStream' as '853898539'
[54437]: 442ms SPX_DBG_TRACE_FUNCTION:  synthesis_result.cpp:25 CSpxSynthesisResult::CSpxSynthesisResult
[54437]: 442ms SPX_DBG_TRACE_VERBOSE:  resource_manager.cpp:133 Created 'CSpxSynthesisResult' as '3874248'
[54437]: 442ms SPX_DBG_TRACE_VERBOSE:  named_properties.h:479 ISpxPropertyBagImpl::SetStringValue: this=0x0000024E52F62858; name='RESULT-SynthesisBackend'; value='online (websocket)'
[54437]: 442ms SPX_DBG_TRACE_VERBOSE:  pull_audio_output_stream.cpp:26 CSpxPullAudioOutputStream::Write buffer 0000024E52FAB477 size=20708
[854263]: 442ms SPX_DBG_TRACE_SCOPE_ENTER:  synthesizer.cpp:1194 DispatchEvent task started...
[54437]: 442ms SPX_DBG_TRACE_VERBOSE:  audio_data_stream.cpp:151 CSpxAudioDataStream::CSpxAudioDataStream::Write buffer 0000024E52FAB477 size=20708
[854263]: 442ms SPX_DBG_TRACE_VERBOSE:  synthesizer.cpp:569 [0000024E52B60430]CSpxSynthesizer::CSpxSynthesizer::FireResultEvent
[854263]: 442ms SPX_DBG_TRACE_VERBOSE:  resource_manager.cpp:133 Created 'CSpxSynthesisEventArgs' as '657912386'
[854263]: 442ms SPX_DBG_TRACE_VERBOSE:  handle_table.h:111 CSpxHandleTable::TrackHandle p=0x0000024E50D71C00
[854263]: 442ms SPX_DBG_TRACE_VERBOSE:  handle_table.h:121 CSpxHandleTable::TrackHandle class=ISpxSynthesisEventArgs, h=0x0000024E50D71C00, p=0x0000024E50D71C00, tot=1
[54437]: 442ms SPX_DBG_TRACE_VERBOSE:  pull_audio_output_stream.cpp:89 CSpxPullAudioOutputStream::AvailableSize: current available size: 20708
[854263]: 442ms SPX_DBG_TRACE_VERBOSE:  handle_table.h:111 CSpxHandleTable::TrackHandle p=0x0000024E52F6E720
[854263]: 442ms SPX_DBG_TRACE_VERBOSE:  handle_table.h:121 CSpxHandleTable::TrackHandle class=ISpxSynthesisResult, h=0x0000024E52F6E720, p=0x0000024E52F6E720, tot=1
[854263]: 442ms SPX_DBG_TRACE_VERBOSE:  handle_table.h:111 CSpxHandleTable::TrackHandle p=0x0000024E52F6E740
[854263]: 442ms SPX_DBG_TRACE_VERBOSE:  handle_table.h:121 CSpxHandleTable::TrackHandle class=ISpxNamedProperties, h=0x0000024E52F6E740, p=0x0000024E52F6E740, tot=4
[854263]: 442ms SPX_TRACE_VERBOSE interop_factory.cs:84 Dispose(True) called for 24e50d71c00
[854263]: 442ms SPX_DBG_TRACE_VERBOSE:  handle_table.h:180 CSpxHandleTable::StopTracking(h) h=0x0000024E50D71C00
[854263]: 443ms SPX_DBG_TRACE_VERBOSE:  handle_table.h:195 CSpxHandleTable::StopTracking(h) class=ISpxSynthesisEventArgs, h=0x0000024E50D71C00, p=0x0000024E50D71C00, tot=0
[854263]: 443ms SPX_TRACE_VERBOSE interop_factory.cs:84 Dispose(True) called for 24e52f6e740
[854263]: 443ms SPX_DBG_TRACE_VERBOSE:  handle_table.h:180 CSpxHandleTable::StopTracking(h) h=0x0000024E52F6E740
[854263]: 443ms SPX_DBG_TRACE_VERBOSE:  handle_table.h:195 CSpxHandleTable::StopTracking(h) class=ISpxNamedProperties, h=0x0000024E52F6E740, p=0x0000024E52F6E740, tot=3
[854263]: 443ms SPX_TRACE_VERBOSE interop_factory.cs:84 Dispose(True) called for 24e52f6e720
[854263]: 443ms SPX_DBG_TRACE_VERBOSE:  handle_table.h:180 CSpxHandleTable::StopTracking(h) h=0x0000024E52F6E720
[854263]: 443ms SPX_DBG_TRACE_VERBOSE:  handle_table.h:195 CSpxHandleTable::StopTracking(h) class=ISpxSynthesisResult, h=0x0000024E52F6E720, p=0x0000024E52F6E720, tot=0
[854263]: 443ms SPX_DBG_TRACE_SCOPE_EXIT:  synthesizer.cpp:1194 DispatchEvent task complete!
[854263]: 443ms SPX_DBG_TRACE_FUNCTION:  synthesis_result.cpp:30 CSpxSynthesisResult::~CSpxSynthesisResult
[54437]: 472ms SPX_TRACE_VERBOSE:  usp_web_socket.cpp:209 USP message received. IsBinary=1, Path=audio, Size=23823 B, Time=2024-08-27T17:49:46.7651454Z
[54437]: 472ms SPX_TRACE_INFO:  usp_connection.cpp:1008 Response Message: content type: audio/basic.
[54437]: 472ms SPX_TRACE_INFO:  usp_connection.cpp:1028 TS:456 Response Message: path: audio, size: 23692.
[54437]: 472ms SPX_DBG_TRACE_FUNCTION:  synthesis_result.cpp:25 CSpxSynthesisResult::CSpxSynthesisResult
[54437]: 472ms SPX_DBG_TRACE_VERBOSE:  resource_manager.cpp:133 Created 'CSpxSynthesisResult' as '3874248'
[54437]: 472ms SPX_DBG_TRACE_VERBOSE:  named_properties.h:479 ISpxNamedProperties::GetStringValue: this=0x0000024E52F6F2C0; name='RESULT-SynthesisBackend'; value='online (websocket)'
[54437]: 472ms SPX_DBG_TRACE_VERBOSE:  pull_audio_output_stream.cpp:89 CSpxPullAudioOutputStream::AvailableSize: current available size: 20708
[54437]: 472ms SPX_DBG_TRACE_VERBOSE:  pull_audio_output_stream.cpp:26 CSpxPullAudioOutputStream::Write buffer 0000024E52FAB477 size=23692
[854263]: 472ms SPX_DBG_TRACE_SCOPE_ENTER:  synthesizer.cpp:1194 DispatchEvent task started...
[54437]: 472ms SPX_DBG_TRACE_VERBOSE:  audio_data_stream.cpp:151 CSpxAudioDataStream::CSpxAudioDataStream::Write buffer 0000024E52FAB477 size=23692
[854263]: 472ms SPX_DBG_TRACE_VERBOSE:  synthesizer.cpp:569 [0000024E52B60430]CSpxSynthesizer::CSpxSynthesizer::FireResultEvent
[854263]: 472ms SPX_DBG_TRACE_VERBOSE:  resource_manager.cpp:133 Created 'CSpxSynthesisEventArgs' as '657912386'
[854263]: 472ms SPX_DBG_TRACE_VERBOSE:  handle_table.h:111 CSpxHandleTable::TrackHandle p=0x0000024E50D713C0
[854263]: 472ms SPX_DBG_TRACE_VERBOSE:  handle_table.h:121 CSpxHandleTable::TrackHandle class=ISpxSynthesisEventArgs, h=0x0000024E50D713C0, p=0x0000024E50D713C0, tot=1
[854263]: 472ms SPX_DBG_TRACE_VERBOSE:  handle_table.h:111 CSpxHandleTable::TrackHandle p=0x0000024E52F6F2A0
[854263]: 472ms SPX_DBG_TRACE_VERBOSE:  handle_table.h:121 CSpxHandleTable::TrackHandle class=ISpxSynthesisResult, h=0x0000024E52F6F2A0, p=0x0000024E52F6F2A0, tot=1
[54437]: 472ms SPX_TRACE_VERBOSE:  usp_web_socket.cpp:209 USP message received. IsBinary=1, Path=audio, Size=105 B, Time=2024-08-27T17:49:46.7654705Z
[54437]: 472ms SPX_TRACE_INFO:  usp_connection.cpp:1028 TS:456 Response Message: path: audio, size: 0.
[854263]: 472ms SPX_DBG_TRACE_VERBOSE:  handle_table.h:111 CSpxHandleTable::TrackHandle p=0x0000024E52F6F2C0
[54437]: 472ms SPX_TRACE_VERBOSE:  usp_web_socket.cpp:209 USP message received. IsBinary=0, Path=turn.end, Size=111 B, Time=2024-08-27T17:49:46.7655341Z
[854263]: 472ms SPX_DBG_TRACE_VERBOSE:  handle_table.h:121 CSpxHandleTable::TrackHandle class=ISpxNamedProperties, h=0x0000024E52F6F2C0, p=0x0000024E52F6F2C0, tot=4
[54437]: 472ms SPX_TRACE_INFO:  usp_connection.cpp:1008 Response Message: content type: application/json; charset=utf-8.
[54437]: 472ms SPX_TRACE_INFO:  usp_connection.cpp:1028 TS:456 Response Message: path: turn.end, size: 2.
[54437]: 472ms SPX_DBG_TRACE_VERBOSE:  usp_connection.cpp:1095 Got turn end, clear m_streamIdLangMap.
[54437]: 473ms SPX_TRACE_INFO:  usp_metrics.cpp:430 Microsoft::CognitiveServices::Speech::USP::CSpxTelemetry::SendSerializedTelemetry: Send telemetry (requestId:cf974c02bcf546d2afcad6648ffacafd): {"Metrics":[{"End":"2024-08-27T17:49:46.585Z","Id":"cc11da908da6411cb3b6e636a49b8851","Name":"Connection","Start":"2024-08-27T17:49:46.309Z"},{"DeviceId":["cd7dbd07-3fce-43e5-99f6-1d6bdf84c4b5"],"Name":"device"}]}
[54437]: 473ms SPX_TRACE_INFO:  usp_metrics.cpp:430 Microsoft::CognitiveServices::Speech::USP::CSpxTelemetry::SendSerializedTelemetry: Send telemetry (requestId:cf974c02bcf546d2afcad6648ffacafd): {"ReceivedMessages":[{"turn.start":["2024-08-27T17:49:46.644Z"]},{"turn.end":["2024-08-27T17:49:46.765Z"]},{"audio":["2024-08-27T17:49:46.734Z","2024-08-27T17:49:46.765Z","2024-08-27T17:49:46.765Z"]},{"audio.metadata":["2024-08-27T17:49:46.704Z"]},{"response":["2024-08-27T17:49:46.644Z"]}]}
[854263]: 473ms SPX_TRACE_VERBOSE interop_factory.cs:84 Dispose(True) called for 24e50d713c0
[854263]: 473ms SPX_DBG_TRACE_VERBOSE:  handle_table.h:180 CSpxHandleTable::StopTracking(h) h=0x0000024E50D713C0
[854263]: 473ms SPX_DBG_TRACE_VERBOSE:  handle_table.h:195 CSpxHandleTable::StopTracking(h) class=ISpxSynthesisEventArgs, h=0x0000024E50D713C0, p=0x0000024E50D713C0, tot=0
[54437]: 473ms SPX_TRACE_INFO:  thread_service.cpp:96 Started thread User with ID [675169ll]
[854263]: 473ms SPX_TRACE_VERBOSE interop_factory.cs:84 Dispose(True) called for 24e52f6f2c0
[854263]: 473ms SPX_DBG_TRACE_VERBOSE:  handle_table.h:180 CSpxHandleTable::StopTracking(h) h=0x0000024E52F6F2C0
[854263]: 473ms SPX_DBG_TRACE_VERBOSE:  handle_table.h:195 CSpxHandleTable::StopTracking(h) class=ISpxNamedProperties, h=0x0000024E52F6F2C0, p=0x0000024E52F6F2C0, tot=3
[854263]: 473ms SPX_TRACE_VERBOSE interop_factory.cs:84 Dispose(True) called for 24e52f6f2a0
[54437]: 473ms SPX_TRACE_INFO:  thread_service.cpp:96 Started thread Background with ID [382690ll]
[854263]: 473ms SPX_DBG_TRACE_VERBOSE:  handle_table.h:180 CSpxHandleTable::StopTracking(h) h=0x0000024E52F6F2A0
[854263]: 473ms SPX_DBG_TRACE_VERBOSE:  handle_table.h:195 CSpxHandleTable::StopTracking(h) class=ISpxSynthesisResult, h=0x0000024E52F6F2A0, p=0x0000024E52F6F2A0, tot=0
[854263]: 473ms SPX_DBG_TRACE_SCOPE_EXIT:  synthesizer.cpp:1194 DispatchEvent task complete!
[54437]: 473ms SPX_TRACE_INFO:  thread_service.cpp:96 Started thread Media with ID [380228ll]
[854263]: 473ms SPX_DBG_TRACE_FUNCTION:  synthesis_result.cpp:30 CSpxSynthesisResult::~CSpxSynthesisResult
[54437]: 473ms SPX_TRACE_VERBOSE:  web_socket.cpp:540 [0x0000024E52F6F570] Web socket sending message. Time: 2024-08-27T17:49:46.7658876Z, TimeInQueue: 0ms, IsBinary: 0, Path: telemetry, Size:363 B
[992804]: 473ms SPX_TRACE_INFO:  usp_tts_engine_adapter.cpp:362 CSpxUspTtsEngineAdapter::SpeakInternal: synthesis completed. request id: cf974c02bcf546d2afcad6648ffacafd.
[992804]: 473ms SPX_DBG_TRACE_FUNCTION:  synthesis_request.cpp:32 CSpxSynthesisRequest::~CSpxSynthesisRequest
[54437]: 473ms SPX_TRACE_VERBOSE:  web_socket.cpp:649 [0x0000024E52F6F570] Web socket send message completed. Result: 0, SendTime: 0ms, IsBinary: 0, Path: telemetry, Size:363 B
[992804]: 473ms SPX_DBG_TRACE_VERBOSE:  pull_audio_output_stream.cpp:166 Signal End of Writing is called
[54437]: 473ms SPX_TRACE_VERBOSE:  web_socket.cpp:540 [0x0000024E52F6F570] Web socket sending message. Time: 2024-08-27T17:49:46.7659677Z, TimeInQueue: 0ms, IsBinary: 0, Path: telemetry, Size:441 B
[992804]: 473ms SPX_DBG_TRACE_VERBOSE:  pull_audio_output_stream.cpp:89 CSpxPullAudioOutputStream::AvailableSize: current available size: 44400
[675169]: 473ms SPX_DBG_TRACE_VERBOSE:  synthesizer.cpp:1174 Word boundary events are all dispatched.
[992804]: 473ms SPX_DBG_TRACE_VERBOSE:  pull_audio_output_stream.cpp:89 CSpxPullAudioOutputStream::AvailableSize: current available size: 44400
[54437]: 473ms SPX_TRACE_VERBOSE:  web_socket.cpp:649 [0x0000024E52F6F570] Web socket send message completed. Result: 0, SendTime: 0ms, IsBinary: 0, Path: telemetry, Size:441 B
[992804]: 473ms SPX_DBG_TRACE_VERBOSE:  pull_audio_output_stream.cpp:69 CSpxPullAudioOutputStream::Read: is called
[992804]: 473ms SPX_DBG_TRACE_VERBOSE:  pull_audio_output_stream.cpp:136 CSpxPullAudioOutputStream::Read: bytesRead=44400
[992804]: 473ms SPX_TRACE_VERBOSE:  synthesizer.cpp:351 CSpxSynthesizer::ExecuteSynthesis: audio duration: 1387 ms.
[382690]: 473ms SPX_DBG_TRACE_VERBOSE:  synthesizer.cpp:1180 Viseme events are all dispatched.
[992804]: 473ms SPX_DBG_TRACE_VERBOSE:  named_properties.h:479 ISpxNamedProperties::GetStringValue: this=0x0000024E52B61D00; name='RESULT-SynthesisBackend'; value='online (websocket)'
[992804]: 473ms SPX_DBG_TRACE_VERBOSE:  named_properties.h:479 ISpxPropertyBagImpl::SetStringValue: this=0x0000024E52F62858; name='RESULT-SynthesisFirstByteLatencyMs'; value='425'
[992804]: 473ms SPX_DBG_TRACE_VERBOSE:  named_properties.h:479 ISpxPropertyBagImpl::SetStringValue: this=0x0000024E52F62858; name='RESULT-SynthesisFinishLatencyMs'; value='457'
[380228]: 473ms SPX_DBG_TRACE_VERBOSE:  synthesizer.cpp:1186 Bookmark events are all dispatched.
[992804]: 473ms SPX_DBG_TRACE_VERBOSE:  named_properties.h:479 ISpxPropertyBagImpl::SetStringValue: this=0x0000024E52F62858; name='RESULT-SynthesisConnectionLatencyMs'; value='276'
[992804]: 473ms SPX_DBG_TRACE_VERBOSE:  named_properties.h:479 ISpxPropertyBagImpl::SetStringValue: this=0x0000024E52F62858; name='RESULT-SynthesisNetworkLatencyMs'; value='60'
[992804]: 473ms SPX_DBG_TRACE_VERBOSE:  named_properties.h:479 ISpxPropertyBagImpl::SetStringValue: this=0x0000024E52F62858; name='RESULT-SynthesisServiceLatencyMs'; value='89'
[992804]: 473ms SPX_DBG_TRACE_VERBOSE:  named_properties.h:479 ISpxPropertyBagImpl::SetStringValue: this=0x0000024E52F62858; name='RESULT-SynthesisUnderrunTimeMs'; value='0'
[992804]: 473ms SPX_DBG_TRACE_VERBOSE:  pull_audio_output_stream.cpp:166 Signal End of Writing is called
[992804]: 473ms SPX_TRACE_INFO:  synthesizer.cpp:397 CSpxSynthesizer::ExecuteSynthesis: synthesis done, request id: cf974c02bcf546d2afcad6648ffacafd; text: Locked; request hash: 
[992804]: 473ms SPX_DBG_TRACE_FUNCTION:  synthesis_result.cpp:30 CSpxSynthesisResult::~CSpxSynthesisResult
[854263]: 473ms SPX_DBG_TRACE_SCOPE_ENTER:  synthesizer.cpp:1194 DispatchEvent task started...
[992804]: 473ms SPX_DBG_TRACE_VERBOSE:  handle_table.h:111 CSpxHandleTable::TrackHandle p=0x0000024E52B61CE0
[854263]: 473ms SPX_DBG_TRACE_VERBOSE:  synthesizer.cpp:569 [0000024E52B60430]CSpxSynthesizer::CSpxSynthesizer::FireResultEvent
[992804]: 473ms SPX_DBG_TRACE_VERBOSE:  handle_table.h:121 CSpxHandleTable::TrackHandle class=ISpxSynthesisResult, h=0x0000024E52B61CE0, p=0x0000024E52B61CE0, tot=1
[854263]: 473ms SPX_TRACE_VERBOSE:  synthesizer.cpp:583 CSpxSynthesizer::FireResultEvent: Waiting for all metadata events triggered.
[854263]: 473ms SPX_DBG_TRACE_VERBOSE:  resource_manager.cpp:133 Created 'CSpxSynthesisEventArgs' as '657912386'
[854263]: 473ms SPX_DBG_TRACE_VERBOSE:  handle_table.h:111 CSpxHandleTable::TrackHandle p=0x0000024E50D715A0
[854263]: 473ms SPX_DBG_TRACE_VERBOSE:  handle_table.h:121 CSpxHandleTable::TrackHandle class=ISpxSynthesisEventArgs, h=0x0000024E50D715A0, p=0x0000024E50D715A0, tot=1
[992804]: 473ms SPX_DBG_TRACE_VERBOSE:  handle_table.h:111 CSpxHandleTable::TrackHandle p=0x0000024E52B61D00
[992804]: 473ms SPX_DBG_TRACE_VERBOSE:  handle_table.h:121 CSpxHandleTable::TrackHandle class=ISpxNamedProperties, h=0x0000024E52B61D00, p=0x0000024E52B61D00, tot=4
[854263]: 473ms SPX_DBG_TRACE_VERBOSE:  handle_table.h:111 CSpxHandleTable::TrackHandle p=0x0000024E52B61CE0
[854263]: 473ms SPX_DBG_TRACE_VERBOSE:  handle_table.h:121 CSpxHandleTable::TrackHandle class=ISpxSynthesisResult, h=0x0000024E52B61CE0, p=0x0000024E52B61CE0, tot=2
[854263]: 473ms SPX_DBG_TRACE_VERBOSE:  handle_table.h:111 CSpxHandleTable::TrackHandle p=0x0000024E52B61D00
[854263]: 473ms SPX_DBG_TRACE_VERBOSE:  handle_table.h:121 CSpxHandleTable::TrackHandle class=ISpxNamedProperties, h=0x0000024E52B61D00, p=0x0000024E52B61D00, tot=5
[854263]: 474ms SPX_TRACE_VERBOSE interop_factory.cs:84 Dispose(True) called for 24e50d715a0
[854263]: 474ms SPX_DBG_TRACE_VERBOSE:  handle_table.h:180 CSpxHandleTable::StopTracking(h) h=0x0000024E50D715A0
[854263]: 474ms SPX_DBG_TRACE_VERBOSE:  handle_table.h:195 CSpxHandleTable::StopTracking(h) class=ISpxSynthesisEventArgs, h=0x0000024E50D715A0, p=0x0000024E50D715A0, tot=0
[854263]: 474ms SPX_TRACE_VERBOSE interop_factory.cs:84 Dispose(True) called for 24e52b61d00
[854263]: 474ms SPX_DBG_TRACE_VERBOSE:  handle_table.h:180 CSpxHandleTable::StopTracking(h) h=0x0000024E52B61D00
[854263]: 474ms SPX_DBG_TRACE_VERBOSE:  handle_table.h:195 CSpxHandleTable::StopTracking(h) class=ISpxNamedProperties, h=0x0000024E52B61D00, p=0x0000024E52B61D00, tot=4
[854263]: 474ms SPX_TRACE_VERBOSE interop_factory.cs:84 Dispose(True) called for 24e52b61ce0
[854263]: 474ms SPX_DBG_TRACE_VERBOSE:  handle_table.h:180 CSpxHandleTable::StopTracking(h) h=0x0000024E52B61CE0
[854263]: 474ms SPX_DBG_TRACE_VERBOSE:  handle_table.h:195 CSpxHandleTable::StopTracking(h) class=ISpxSynthesisResult, h=0x0000024E52B61CE0, p=0x0000024E52B61CE0, tot=1
[854263]: 474ms SPX_DBG_TRACE_SCOPE_EXIT:  synthesizer.cpp:1194 DispatchEvent task complete!
[330065]: 481ms SPX_TRACE_VERBOSE interop_factory.cs:84 Dispose(True) called for 24e52b60898
[330065]: 481ms SPX_DBG_TRACE_VERBOSE:  handle_table.h:180 CSpxHandleTable::StopTracking(h) h=0x0000024E52B60898
[330065]: 481ms SPX_DBG_TRACE_VERBOSE:  handle_table.h:195 CSpxHandleTable::StopTracking(h) class=ISpxNamedProperties, h=0x0000024E52B60898, p=0x0000024E52B60898, tot=3
[330065]: 481ms SPX_TRACE_VERBOSE interop_factory.cs:84 Dispose(True) called for 24e52b60468
[330065]: 481ms SPX_DBG_TRACE_FUNCTION:  synthesizer.cpp:493 CSpxSynthesizer::SetDisposing
[330065]: 481ms SPX_DBG_TRACE_VERBOSE:  handle_table.h:180 CSpxHandleTable::StopTracking(h) h=0x0000024E52B60468
[330065]: 481ms SPX_DBG_TRACE_VERBOSE:  handle_table.h:195 CSpxHandleTable::StopTracking(h) class=ISpxSynthesizer, h=0x0000024E52B60468, p=0x0000024E52B60468, tot=0
[330065]: 481ms SPX_DBG_TRACE_SCOPE_ENTER:  synthesizer.cpp:42 CSpxSynthesizer::~CSpxSynthesizer
[330065]: 481ms SPX_DBG_TRACE_VERBOSE:  create_object_helpers.h:78 SpxTerm: ptr=0x0000024E52F04128
[330065]: 481ms SPX_DBG_TRACE_SCOPE_ENTER:  usp_tts_engine_adapter.cpp:88 CSpxUspTtsEngineAdapter::Term
[330065]: 481ms SPX_DBG_TRACE_VERBOSE:  create_object_helpers.h:78 SpxTerm: ptr=0x0000024E52F6D858
[330065]: 481ms SPX_DBG_TRACE_SCOPE_ENTER:  usp_connection.cpp:146 Microsoft::CognitiveServices::Speech::USP::CSpxUspConnection::~CSpxUspConnection
[330065]: 481ms SPX_DBG_TRACE_SCOPE_EXIT:  usp_connection.cpp:146 Microsoft::CognitiveServices::Speech::USP::CSpxUspConnection::~CSpxUspConnection
[330065]: 481ms SPX_DBG_TRACE_SCOPE_ENTER:  web_socket.cpp:221 CSpxWebSocket::~CSpxWebSocket
[330065]: 481ms SPX_TRACE_INFO:  web_socket.cpp:421 [0000024E52F6F570] Web socket upload rate this period was is 8.1605 KB/s
[330065]: 481ms SPX_TRACE_INFO:  web_socket.cpp:425 CSpxWebSocket::Disconnect: start the close handshake.
[330065]: 481ms SPX_TRACE_SCOPE_ENTER:  uws_web_socket.cpp:165 WebSocketAdapter::UwsWebSocket::Close
[95278]: 518ms SPX_TRACE_INFO: AZ_LOG_INFO:  uws_client.c:1496 on_underlying_io_bytes_received: Close frame received
[95278]: 518ms SPX_TRACE_INFO: AZ_LOG_INFO:  uws_client.c:1574 on_underlying_io_bytes_received: closing underlying io.
[95278]: 518ms SPX_TRACE_INFO: AZ_LOG_INFO:  uws_client.c:939 on_underlying_io_close_complete: uws_state: 6.
[95278]: 518ms SPX_TRACE_SCOPE_ENTER:  uws_web_socket.cpp:283 WebSocketAdapter::UwsWebSocket::OnWebSocketClosed
[95278]: 518ms SPX_TRACE_INFO:  web_socket.cpp:1013 CSpxWebSocket::OnWebSocketClosed: context=0000024E52F6F570
[95278]: 518ms SPX_TRACE_SCOPE_EXIT:  uws_web_socket.cpp:283 WebSocketAdapter::UwsWebSocket::OnWebSocketClosed
[330065]: 533ms SPX_TRACE_SCOPE_EXIT:  uws_web_socket.cpp:165 WebSocketAdapter::UwsWebSocket::Close
[330065]: 533ms SPX_TRACE_INFO:  web_socket.cpp:427 CSpxWebSocket::Disconnect: isOpen: false
[330065]: 533ms SPX_TRACE_INFO:  web_socket.cpp:430 CSpxWebSocket::Disconnect: destroying uwsclient.
[330065]: 533ms SPX_TRACE_SCOPE_ENTER:  uws_web_socket.cpp:36 WebSocketAdapter::UwsWebSocket::~UwsWebSocket
[330065]: 533ms SPX_TRACE_SCOPE_EXIT:  uws_web_socket.cpp:36 WebSocketAdapter::UwsWebSocket::~UwsWebSocket
[330065]: 533ms SPX_DBG_TRACE_SCOPE_EXIT:  web_socket.cpp:221 CSpxWebSocket::~CSpxWebSocket
[330065]: 533ms SPX_DBG_TRACE_SCOPE_EXIT:  usp_tts_engine_adapter.cpp:88 CSpxUspTtsEngineAdapter::Term
[330065]: 533ms SPX_DBG_TRACE_VERBOSE:  usp_tts_engine_adapter.cpp:67 CSpxUspTtsEngineAdapter::~CSpxUspTtsEngineAdapter: this=0x0000024E52F040D0
[330065]: 533ms SPX_DBG_TRACE_VERBOSE:  create_object_helpers.h:78 SpxTerm: ptr=0x0000024E50CECA18
[330065]: 533ms SPX_DBG_TRACE_SCOPE_ENTER:  thread_service.cpp:45 CSpxThreadService::Term
[330065]: 533ms SPX_DBG_TRACE_SCOPE_EXIT:  thread_service.cpp:45 CSpxThreadService::Term
[330065]: 534ms SPX_DBG_TRACE_VERBOSE:  create_object_helpers.h:78 SpxTerm: ptr=0x0000024E50CDD098
[330065]: 534ms SPX_DBG_TRACE_SCOPE_EXIT:  synthesizer.cpp:42 CSpxSynthesizer::~CSpxSynthesizer
[330065]: 534ms SPX_DBG_TRACE_SCOPE_ENTER:  thread_service.cpp:45 CSpxThreadService::Term
[330065]: 534ms SPX_DBG_TRACE_SCOPE_EXIT:  thread_service.cpp:45 CSpxThreadService::Term
[330065]: 534ms SPX_DBG_TRACE_SCOPE_ENTER:  thread_service.cpp:45 CSpxThreadService::Term
[330065]: 534ms SPX_DBG_TRACE_SCOPE_EXIT:  thread_service.cpp:45 CSpxThreadService::Term
[330065]: 534ms SPX_TRACE_VERBOSE interop_factory.cs:84 Dispose(True) called for 24e52aa9268
[330065]: 534ms SPX_DBG_TRACE_VERBOSE:  handle_table.h:180 CSpxHandleTable::StopTracking(h) h=0x0000024E52AA9268
[330065]: 534ms SPX_DBG_TRACE_VERBOSE:  handle_table.h:195 CSpxHandleTable::StopTracking(h) class=ISpxNamedProperties, h=0x0000024E52AA9268, p=0x0000024E52AA9268, tot=2
[330065]: 535ms SPX_DBG_TRACE_FUNCTION:  memory_logger.cpp:130 MemoryLogger::Exit
[330065]: 535ms SPX_DBG_TRACE_FUNCTION:  resource_manager.cpp:103 CSpxResourceManager::~CSpxResourceManager
